[Parser] Loaded 40455 caption rows for 8091 unique images.
[Splits] train=6000  val=1000  test=1091  images  (seed=42)
[Flickr8kDataset] split='train'  caption pairs=30000
[Vocabulary] 7458 tokens total
[Parser] Loaded 40455 caption rows for 8091 unique images.
[Splits] train=6000  val=1000  test=1091  images  (seed=42)
[Flickr8kDataset] split='val'  caption pairs=5000
[Parser] Loaded 40455 caption rows for 8091 unique images.
[Splits] train=6000  val=1000  test=1091  images  (seed=42)
[Flickr8kDataset] split='test'  caption pairs=5455
image: ('1240297429_c36ae0c58f.jpg',)
truth == a dog is leaping through the grass
output > a dog is jumping in a field <EOS>

image: ('1204996216_71d7519d9a.jpg',)
truth == a child is laying down on a wooden bench
output > a boy is sitting on a wooden bench <EOS>

image: ('1240297429_c36ae0c58f.jpg',)
truth == a dog is wearing a red number 6 and running through a field of green grass while being chased by a bird
output > a dog is jumping in a field <EOS>

image: ('105342180_4d4a40b47f.jpg',)
truth == a woman paddles a boat down a river
output > a girl in a bathing suit is standing on a lake <EOS>

image: ('1240297429_c36ae0c58f.jpg',)
truth == a white and tan dog leaps through the air
output > a dog is jumping in a field <EOS>

[30/50,   251/938] avg train loss: 2.590 avg val loss: 3.135 lr: 0.000002
image: ('12830823_87d2654e31.jpg',)
truth == several people are standing near a fish pond
output > two children are jumping into a pool <EOS>

image: ('1204996216_71d7519d9a.jpg',)
truth == a little boy lies down on a picnic table bench
output > a boy is sitting on a wooden bench <EOS>

image: ('109738916_236dc456ac.jpg',)
truth == three people and two <UNK>
output > a man in a red and black helmet is riding a red sled <EOS>

image: ('1204996216_71d7519d9a.jpg',)
truth == a child is laying down on a wooden bench
output > a boy is sitting on a wooden bench <EOS>

image: ('1028205764_7e8df9a2ea.jpg',)
truth == a man and young boy ride in a yellow kayak
output > a man in a yellow canoe paddles water <EOS>

[30/50,   501/938] avg train loss: 2.591 avg val loss: 3.136 lr: 0.000002
image: ('1149179852_acad4d7300.jpg',)
truth == a shirtless man leading a horse that is pulling a carriage
output > a man is sitting on a bench <EOS>

image: ('1280320287_b2a4b9b7bd.jpg',)
truth == two boys wakeboard
output > a man is riding a boat into the water <EOS>

image: ('1149179852_acad4d7300.jpg',)
truth == the shirtless man is walking the <UNK> pony and carriage down the street
output > a man is sitting on a bench <EOS>

image: ('105342180_4d4a40b47f.jpg',)
truth == a girl paddling down a large river as seen from behind her
output > a girl in a bathing suit is standing on a lake <EOS>

image: ('1225443522_1633e7121f.jpg',)
truth == a woman walking down a brick sidewalk
output > a man is walking down a street <EOS>

[30/50,   751/938] avg train loss: 2.601 avg val loss: 3.137 lr: 0.000002
image: ('1235580648_7eebaed9bc.jpg',)
truth == two men wear silly stove pipe hats and wear makeup
output > a man in a blue shirt and a blue shirt is holding a microphone <EOS>

image: ('1131155939_b4b457b05e.jpg',)
truth == a black <UNK> runs into the water on the beach with swimmers in the distance and sea <UNK> in the foreground
output > a dog is running in the ocean <EOS>

image: ('1119463452_69d4eecd08.jpg',)
truth == a little girl in a pink bathing suit swimming in a pool
output > two young girls in a pool <EOS>

image: ('109260216_85b0be5378.jpg',)
truth == a person climbing down a sheer rock cliff using a rope
output > a man is climbing a rock <EOS>

image: ('1131155939_b4b457b05e.jpg',)
truth == a pile of seaweed sits on the sand behind it a big black dog is running in the water
output > a dog is running in the ocean <EOS>

[30/50,   938/938] avg train loss: 2.579 avg val loss: 3.136 lr: 0.000002
image: ('109260216_85b0be5378.jpg',)
truth == a person <UNK> down a steep incline
output > a man is climbing a rock <EOS>

image: ('1235580648_7eebaed9bc.jpg',)
truth == two men in tall hats <UNK> at the camera
output > a man in a blue shirt and a blue shirt is holding a microphone <EOS>

image: ('1012212859_01547e3f17.jpg',)
truth == white dog playing with a red ball on the shore near the water
output > a dog is running through the water <EOS>

image: ('127490019_7c5c08cb11.jpg',)
truth == a woman is taking a swing with a golf club
output > a woman in a white shirt and blue shorts is walking on a field <EOS>

image: ('1187435567_18173c148b.jpg',)
truth == a small brown and black dog
output > a dog is laying on a bed <EOS>

[31/50,   251/938] avg train loss: 2.584 avg val loss: 3.135 lr: 0.000001
image: ('1240297429_c36ae0c58f.jpg',)
truth == the dog in a vest leaps in the air and there is a bird flying
output > a dog is jumping in a field <EOS>

image: ('1057089366_ca83da0877.jpg',)
truth == the boy is jumping off a high diving board into the pool
output > a boy jumps into a pool <EOS>

image: ('1110208841_5bb6806afe.jpg',)
truth == a brown and white dug jumping up to catch a frisbee while an audience watches
output > a dog jumps over a frisbee <EOS>

image: ('109260216_85b0be5378.jpg',)
truth == a person <UNK> down a steep incline
output > a man is climbing a rock <EOS>

image: ('1280320287_b2a4b9b7bd.jpg',)
truth == two people are wakeboarding in the water and are being pulled by a boat
output > a man is riding a boat into the water <EOS>

[31/50,   501/938] avg train loss: 2.579 avg val loss: 3.135 lr: 0.000001
image: ('1001773457_577c3a7d70.jpg',)
truth == two dogs on pavement moving toward each other
output > two dogs are playing with a ball <EOS>

image: ('1235580648_7eebaed9bc.jpg',)
truth == two men wear silly stove pipe hats and wear makeup
output > a man in a blue shirt and a blue shirt is holding a microphone <EOS>

image: ('1067180831_a59dc64344.jpg',)
truth == a black and white dog jumps to get the frisbee
output > a black and white dog is running through a grassy field <EOS>

image: ('109738916_236dc456ac.jpg',)
truth == people pose with helmets and goggles on while riding <UNK>
output > a man in a red and black and white helmet is riding a red sled <EOS>

image: ('1057089366_ca83da0877.jpg',)
truth == a kid jumps off the diving board and into the swimming pool below
output > a boy jumps into a pool <EOS>

[31/50,   751/938] avg train loss: 2.597 avg val loss: 3.136 lr: 0.000001
image: ('1231229740_8dcbf80bfb.jpg',)
truth == a young baby sucking a <UNK> asleep in a chair
output > a little boy in a red shirt is sitting on a chair <EOS>

image: ('1001773457_577c3a7d70.jpg',)
truth == a black dog and a tri colored dog playing with each other on the road
output > two dogs are playing with a ball <EOS>

image: ('1131155939_b4b457b05e.jpg',)
truth == a pile of seaweed sits on the sand behind it a big black dog is running in the water
output > a dog is running in the ocean <EOS>

image: ('1001773457_577c3a7d70.jpg',)
truth == a black dog and a white dog with brown spots are staring at each other in the street
output > two dogs are playing with a ball <EOS>

image: ('1001773457_577c3a7d70.jpg',)
truth == two dogs of different breeds looking at each other on the road
output > two dogs are playing with a ball <EOS>

[31/50,   938/938] avg train loss: 2.602 avg val loss: 3.137 lr: 0.000001
image: ('109260216_85b0be5378.jpg',)
truth == a person climbs a tall flat mountain while holding onto a safety rope
output > a man is climbing a rock <EOS>

image: ('127490019_7c5c08cb11.jpg',)
truth == a girl is getting ready to swing the club
output > a woman in a white shirt and blue shorts is walking on a field <EOS>

image: ('1030985833_b0902ea560.jpg',)
truth == a black dog and a brown dog are jumping up to catch a red toy
output > a brown dog with a black collar is running <EOS>

image: ('1030985833_b0902ea560.jpg',)
truth == the chocolate lab jumps too late to get the toy as the black lab <UNK> it in the driveway
output > a brown dog with a black collar is running <EOS>

image: ('1012212859_01547e3f17.jpg',)
truth == white dog playing with a red ball on the shore near the water
output > a dog is running through the water <EOS>

[32/50,   251/938] avg train loss: 2.576 avg val loss: 3.135 lr: 0.000001
image: ('1057089366_ca83da0877.jpg',)
truth == a boy descends off the end of a high diving board
output > a boy jumps into a pool <EOS>

image: ('1012212859_01547e3f17.jpg',)
truth == white dog with brown ears standing near water with head turned to one side
output > a dog with a stick in its mouth <EOS>

image: ('1235580648_7eebaed9bc.jpg',)
truth == two men wear silly stove pipe hats and wear makeup
output > a man in a blue shirt and a blue shirt is holding a microphone <EOS>

image: ('1030985833_b0902ea560.jpg',)
truth == the chocolate lab jumps too late to get the toy as the black lab <UNK> it in the driveway
output > a brown dog with a black collar is running <EOS>

image: ('109260216_85b0be5378.jpg',)
truth == a person climbing down a sheer rock cliff using a rope
output > a man is climbing a rock <EOS>

[32/50,   501/938] avg train loss: 2.586 avg val loss: 3.135 lr: 0.000001
image: ('127490019_7c5c08cb11.jpg',)
truth == a woman wearing blue begins a golf swing
output > a woman in a white shirt and blue shorts is walking on a field <EOS>

image: ('1105959054_9c3a738096.jpg',)
truth == a young girl with braids is painting with water colors on a white paper on the wall
output > a snowboarder is jumping over a jump <EOS>

image: ('12830823_87d2654e31.jpg',)
truth == children sit and watch the fish moving in the pond
output > two children are jumping into a pool <EOS>

image: ('1295669416_21cabf594d.jpg',)
truth == a girl dressed in a red and black top with black pants is sitting on a wall
output > a man in a black shirt and a red shirt and a red shirt is standing on a brick wall <EOS>

image: ('1240297429_c36ae0c58f.jpg',)
truth == a white and tan dog leaps through the air
output > a dog is jumping in a field <EOS>

[32/50,   751/938] avg train loss: 2.590 avg val loss: 3.135 lr: 0.000001
image: ('1105959054_9c3a738096.jpg',)
truth == a young girl painting a picture
output > a snowboarder is climbing <EOS>

image: ('1295669416_21cabf594d.jpg',)
truth == a girl in a red and black striped shirt sits on a brick wall in front of a tropical plant
output > a man in a black shirt and a red shirt and a white shirt is standing on a brick wall <EOS>

image: ('127490019_7c5c08cb11.jpg',)
truth == a girl is getting ready to swing the club
output > a woman in a white shirt and blue shorts is walking on a field <EOS>

image: ('109260216_85b0be5378.jpg',)
truth == a person is climbing a rock while holding onto a white rope
output > a man is climbing a rock <EOS>

image: ('109738916_236dc456ac.jpg',)
truth == several people are taking a break while on a snowmobiling ride
output > a man in a red helmet and black and yellow and yellow and yellow and yellow and yellow and yellow and yellow and yellow and yellow and yellow jacket is riding

[32/50,   938/938] avg train loss: 2.601 avg val loss: 3.137 lr: 0.000001
image: ('1235580648_7eebaed9bc.jpg',)
truth == two men wear silly stove pipe hats and wear makeup
output > a man in a blue shirt and a blue shirt is holding a microphone <EOS>

image: ('105342180_4d4a40b47f.jpg',)
truth == a girl paddling down a large river as seen from behind her
output > a girl in a bathing suit is standing on a lake <EOS>

image: ('1001773457_577c3a7d70.jpg',)
truth == two dogs on pavement moving toward each other
output > two dogs are playing with a ball <EOS>

image: ('1028205764_7e8df9a2ea.jpg',)
truth == man and child in yellow kayak
output > a man in a yellow canoe paddles water <EOS>

image: ('119534510_d52b3781a3.jpg',)
truth == person sitting on concrete landing next to body of water
output > a man in a white shirt is standing on a boat <EOS>

[33/50,   251/938] avg train loss: 2.595 avg val loss: 3.135 lr: 0.000001
image: ('12830823_87d2654e31.jpg',)
truth == children sit and watch the fish moving in the pond
output > two children are jumping into a pool <EOS>

image: ('1105959054_9c3a738096.jpg',)
truth == a child painting a picture
output > a snowboarder is climbing <EOS>

image: ('1130017585_1a219257ac.jpg',)
truth == three young women pose for the camera at a parade
output > a woman in a white shirt and white shirt is holding a drink up a woman <EOS>

image: ('1057089366_ca83da0877.jpg',)
truth == a kid jumps off the diving board and into the swimming pool below
output > a boy jumps into a pool <EOS>

image: ('1130017585_1a219257ac.jpg',)
truth == the young people party in the streets
output > a woman in a white shirt and white shirt is holding a drink up a woman <EOS>

[33/50,   501/938] avg train loss: 2.576 avg val loss: 3.137 lr: 0.000001
image: ('1130017585_1a219257ac.jpg',)
truth == there are three young people one dark haired holding a bottled drink one with head tilted back and finger in her mouth and one with spiked hair
output > a woman with a white shirt and a white shirt is blowing bubbles <EOS>

image: ('1213336750_2269b51397.jpg',)
truth == a young man taking a picture of another young man outdoors
output > a man in a red shirt and a black pants is walking on a sidewalk <EOS>

image: ('1280320287_b2a4b9b7bd.jpg',)
truth == two boys waterskiing
output > a man is riding a boat into the water <EOS>

image: ('12830823_87d2654e31.jpg',)
truth == several people are standing near a fish pond
output > two children are jumping into a pool <EOS>

image: ('1075716537_62105738b4.jpg',)
truth == a child with a helmet on his head rides a bike
output > a man in a red helmet rides his bike <EOS>

[33/50,   751/938] avg train loss: 2.584 avg val loss: 3.135 lr: 0.000001
image: ('127490019_7c5c08cb11.jpg',)
truth == a woman wearing a blue shirt and hat with khaki shorts plays golf
output > a woman in a white shirt and blue shorts is walking on a field <EOS>

image: ('1167908324_8caab45e15.jpg',)
truth == a man stands next to three video game machines and a beer sign
output > a man in a black shirt is standing in front of a crowd <EOS>

image: ('1028205764_7e8df9a2ea.jpg',)
truth == a man and a little boy in blue life jackets are rowing a yellow canoe
output > a man in a yellow canoe paddles water <EOS>

image: ('1022454428_b6b660a67b.jpg',)
truth == a couple with their newborn baby sitting under a tree facing a lake
output > a man in a black shirt and white shirt is sitting on a rock <EOS>

image: ('1235580648_7eebaed9bc.jpg',)
truth == the two men are wearing tall hats one hat is a red print and the other is gold colored
output > a man in a blue shirt and a blue shirt is holding a microphone <EOS>

[33/50,   938/938] avg train loss: 2.599 avg val loss: 3.135 lr: 0.000001
image: ('105342180_4d4a40b47f.jpg',)
truth == a woman with a paddle
output > a girl in a bathing suit is standing on a lake <EOS>

image: ('1110208841_5bb6806afe.jpg',)
truth == an <UNK> dog catches a frisbee while a crowd of onlookers watches closely
output > a dog jumps over a frisbee <EOS>

image: ('1007320043_627395c3d8.jpg',)
truth == a child playing on a rope net
output > a girl in a red shirt and white shirt is holding a red and white and white shirt <EOS>

image: ('1280320287_b2a4b9b7bd.jpg',)
truth == two boys waterskiing
output > a man is riding a boat into the water <EOS>

image: ('1235580648_7eebaed9bc.jpg',)
truth == the <UNK> males pose for a picture
output > a man in a blue shirt and a blue shirt is holding a microphone <EOS>

[34/50,   251/938] avg train loss: 2.591 avg val loss: 3.136 lr: 0.000002
image: ('1105959054_9c3a738096.jpg',)
truth == an artist paints clouds onto a canvas
output > a snowboarder is jumping over a wall <EOS>

image: ('1149179852_acad4d7300.jpg',)
truth == the shirtless man is walking the <UNK> pony and carriage down the street
output > a man is sitting on a bench <EOS>

image: ('109738916_236dc456ac.jpg',)
truth == people are riding around on <UNK>
output > a man in a red helmet and black and yellow and yellow and white helmet is riding a red sled <EOS>

image: ('1149179852_acad4d7300.jpg',)
truth == a man without a shirt on is guiding a large brown horse pulling a green and yellow wagon
output > a man is sitting on a bench <EOS>

image: ('1131155939_b4b457b05e.jpg',)
truth == a pile of seaweed sits on the sand behind it a big black dog is running in the water
output > a dog is running in the ocean <EOS>

[34/50,   501/938] avg train loss: 2.588 avg val loss: 3.135 lr: 0.000002
image: ('1067180831_a59dc64344.jpg',)
truth == a black and white dog jumps to get the frisbee
output > a black and white dog is running through the grass <EOS>

image: ('1225443522_1633e7121f.jpg',)
truth == a woman walking down a brick sidewalk
output > a man is walking down a street <EOS>

image: ('1131155939_b4b457b05e.jpg',)
truth == a dog at the shore of an ocean with seaweed in foreground
output > a dog is running in the ocean <EOS>

image: ('1022454428_b6b660a67b.jpg',)
truth == a couple sit on the grass with a baby and stroller
output > a man in a black shirt and white shirt is sitting on a cliff <EOS>

image: ('1131155939_b4b457b05e.jpg',)
truth == a dog is running in the waves at the beach
output > a dog is running in the ocean <EOS>

[34/50,   751/938] avg train loss: 2.580 avg val loss: 3.136 lr: 0.000002
image: ('1007320043_627395c3d8.jpg',)
truth == a little girl in pink climbs a rope bridge at the park
output > a little girl in a red shirt and white shirt is holding a red and white and white shirt <EOS>

image: ('102351840_323e3de834.jpg',)
truth == two men are ice fishing
output > two people are walking on the beach <EOS>

image: ('1075716537_62105738b4.jpg',)
truth == the young boy pedals quickly at a bmx race
output > a man in a red helmet rides his bike <EOS>

image: ('1187435567_18173c148b.jpg',)
truth == a small brown and black dog playing with a toy
output > a dog is laying on a bed <EOS>

image: ('1231229740_8dcbf80bfb.jpg',)
truth == a little boy has fallen asleep on a miniature sofa and a pacifier in his mouth
output > a little boy in a red shirt is sitting on a chair <EOS>

[34/50,   938/938] avg train loss: 2.585 avg val loss: 3.135 lr: 0.000002
image: ('109260216_85b0be5378.jpg',)
truth == a person is climbing a rock while holding onto a white rope
output > a man is climbing a rock <EOS>

image: ('1204996216_71d7519d9a.jpg',)
truth == a boy lays on a picnic table bench
output > a boy is sitting on a wooden bench <EOS>

image: ('119534510_d52b3781a3.jpg',)
truth == a man in a brown shirt sitting on a dock and reading
output > a man in a white shirt is standing on a boat <EOS>

image: ('105342180_4d4a40b47f.jpg',)
truth == a girl paddling down a large river as seen from behind her
output > a girl in a bathing suit is looking at the water <EOS>

image: ('1007320043_627395c3d8.jpg',)
truth == a child playing on a rope net
output > a little girl in a red shirt and red shirt is holding a red and white and white shirt <EOS>

[35/50,   251/938] avg train loss: 2.582 avg val loss: 3.134 lr: 0.000003
image: ('1105959054_9c3a738096.jpg',)
truth == a young girl painting a picture
output > a boy in a blue shirt is jumping off a wall <EOS>

image: ('1007320043_627395c3d8.jpg',)
truth == a small child grips onto the red ropes at the playground
output > a girl in a red shirt and white shirt is holding a red and white and white shirt <EOS>

image: ('1012212859_01547e3f17.jpg',)
truth == a white dog shakes on the edge of a beach with an orange ball
output > a dog is running on the beach <EOS>

image: ('1231229740_8dcbf80bfb.jpg',)
truth == a sleeping child sucking on a pacifier
output > a little boy in a red shirt is sitting on a chair <EOS>

image: ('1028205764_7e8df9a2ea.jpg',)
truth == a man and child kayak through <UNK> waters
output > a man in a yellow canoe paddles water <EOS>

[35/50,   501/938] avg train loss: 2.582 avg val loss: 3.136 lr: 0.000003
image: ('1105959054_9c3a738096.jpg',)
truth == an artist paints clouds onto a canvas
output > a man is climbing a rock wall <EOS>

image: ('1187435567_18173c148b.jpg',)
truth == a small brown and black dog playing with a toy
output > a dog is laying on a bed <EOS>

image: ('1001773457_577c3a7d70.jpg',)
truth == a black dog and a spotted dog are fighting
output > two dogs are playing with a ball <EOS>

image: ('1204996216_71d7519d9a.jpg',)
truth == a little boy in a red shirt sitting on a wooden picnic table bench
output > a boy is sitting on a wooden bench <EOS>

image: ('1105959054_9c3a738096.jpg',)
truth == a child painting a picture
output > a man is climbing a rock wall <EOS>

Saved checkpoint to saved_models/resnet_decoder_init/30_continued/model.pt
[35/50,   751/938] avg train loss: 2.594 avg val loss: 3.133 lr: 0.000003
image: ('1240297429_c36ae0c58f.jpg',)
truth == a dog in a number six jersey is running through a field
output > a dog is jumping over a frisbee <EOS>

image: ('1067180831_a59dc64344.jpg',)
truth == a black and white dog jumps after a yellow toy
output > a black and white dog is running through a grassy field <EOS>

image: ('127490019_7c5c08cb11.jpg',)
truth == a woman in shorts and a blue sleeveless shirt leans over a golf club
output > a woman in a white shirt and blue shorts is walking on a field <EOS>

image: ('1067180831_a59dc64344.jpg',)
truth == a dog jumps to catch a toy
output > a black and white dog is running through a grassy field <EOS>

image: ('1119463452_69d4eecd08.jpg',)
truth == a girl in a pink swimsuit in a pool
output > a girl in a pink bathing suit is swimming pool <EOS>

Saved checkpoint to saved_models/resnet_decoder_init/30_continued/model.pt
[35/50,   938/938] avg train loss: 2.599 avg val loss: 3.133 lr: 0.000003
image: ('109738916_236dc456ac.jpg',)
truth == people pose with helmets and goggles on while riding <UNK>
output > a man in a red and black and white helmet is riding a red sled <EOS>

image: ('109260216_85b0be5378.jpg',)
truth == a person wearing a red vest climbs up a steep rock
output > a man is climbing a rock <EOS>

image: ('102351840_323e3de834.jpg',)
truth == a person in the snow drilling a hole in the ice
output > two people are walking on the beach <EOS>

image: ('1187435567_18173c148b.jpg',)
truth == terrier dog playing with toy on blanket
output > a dog is laying on a bed <EOS>

image: ('105342180_4d4a40b47f.jpg',)
truth == a girl paddling down a large river as seen from behind her
output > a young girl in a bathing suit is standing on a lake <EOS>

[36/50,   251/938] avg train loss: 2.577 avg val loss: 3.134 lr: 0.000005
image: ('1007320043_627395c3d8.jpg',)
truth == a little girl in pink climbs a rope bridge at the park
output > a little girl in a red shirt and yellow shirt is holding a red and white and white shoes <EOS>

image: ('102351840_323e3de834.jpg',)
truth == a person in the snow drilling a hole in the ice
output > two people are walking on the beach <EOS>

image: ('1213336750_2269b51397.jpg',)
truth == a man in a black outfit is taking a photograph of a man in a red jacket
output > a man in a red shirt is walking on a city street <EOS>

image: ('1030985833_b0902ea560.jpg',)
truth == a brown and black lab are outside and the black lab is catching a toy in its mouth
output > a brown dog with a black collar is running <EOS>

image: ('1001773457_577c3a7d70.jpg',)
truth == a black dog and a tri colored dog playing with each other on the road
output > two dogs are playing with a ball <EOS>

[36/50,   501/938] avg train loss: 2.587 avg val loss: 3.137 lr: 0.000005
image: ('1030985833_b0902ea560.jpg',)
truth == a black dog and a brown dog are jumping up to catch a red toy
output > a brown dog with a black collar is running <EOS>

image: ('1231229740_8dcbf80bfb.jpg',)
truth == a sleeping child sucking on a pacifier
output > a little boy in a red shirt is sitting on a chair <EOS>

image: ('1187435567_18173c148b.jpg',)
truth == a small brown and black dog
output > a dog is laying on a bed <EOS>

image: ('1131155939_b4b457b05e.jpg',)
truth == a dog at the shore of an ocean with seaweed in foreground
output > a dog is running in the ocean <EOS>

image: ('127490019_7c5c08cb11.jpg',)
truth == a woman in shorts and a blue sleeveless shirt leans over a golf club
output > a woman in a white shirt and blue shorts is walking on a field <EOS>

[36/50,   751/938] avg train loss: 2.588 avg val loss: 3.134 lr: 0.000005
image: ('1231229740_8dcbf80bfb.jpg',)
truth == a young baby sucking a <UNK> asleep in a chair
output > a little boy in a red shirt is sitting on a chair <EOS>

image: ('1119463452_69d4eecd08.jpg',)
truth == a girl in a pink swimsuit in a pool
output > two young girls in a pool <EOS>

image: ('1149179852_acad4d7300.jpg',)
truth == a shirtless man <UNK> a horse pulling a carriage along a paved road
output > a man is sitting on a bench <EOS>

image: ('1028205764_7e8df9a2ea.jpg',)
truth == a man and young boy ride in a yellow kayak
output > a man in a yellow canoe paddles water <EOS>

image: ('1110208841_5bb6806afe.jpg',)
truth == a brown and white dog catches a frisbee in it mouth in front of a group of people
output > a dog jumps over a frisbee <EOS>

[36/50,   938/938] avg train loss: 2.594 avg val loss: 3.137 lr: 0.000005
image: ('1131155939_b4b457b05e.jpg',)
truth == a black dog runs into the ocean next to a pile of seaweed
output > a dog is running in the ocean <EOS>

image: ('127490019_7c5c08cb11.jpg',)
truth == a woman wearing a blue shirt and hat with khaki shorts plays golf
output > a woman in a white shirt and blue shorts is walking on a field <EOS>

image: ('105342180_4d4a40b47f.jpg',)
truth == a woman kayaking down a river
output > a girl in a bathing suit is standing on a lake <EOS>

image: ('109260216_85b0be5378.jpg',)
truth == a person <UNK> down a steep incline
output > a man is climbing a rock <EOS>

image: ('1012212859_01547e3f17.jpg',)
truth == white dog with brown ears standing near water with head turned to one side
output > a dog is running through the water <EOS>

[37/50,   251/938] avg train loss: 2.592 avg val loss: 3.136 lr: 0.000007
image: ('1075716537_62105738b4.jpg',)
truth == a child with a helmet on his head rides a bike
output > a man in a red helmet rides his bike <EOS>

image: ('1057089366_ca83da0877.jpg',)
truth == a little kid is jumping off a high dive at the pool
output > a boy jumps into a pool <EOS>

image: ('1204996216_71d7519d9a.jpg',)
truth == a little boy lies down on a picnic table bench
output > a boy is sitting on a wooden bench <EOS>

image: ('105342180_4d4a40b47f.jpg',)
truth == a woman with a paddle sits in a boat on the water
output > a girl in a bathing suit is standing on a lake <EOS>

image: ('1110208841_5bb6806afe.jpg',)
truth == a brown and white dog catches a frisbee in it mouth in front of a group of people
output > a dog jumps over a frisbee <EOS>

[37/50,   501/938] avg train loss: 2.579 avg val loss: 3.134 lr: 0.000007
image: ('109738916_236dc456ac.jpg',)
truth == two helmeted men sit on yellow <UNK> while another man stands behind watching
output > a man in a red and black helmet is riding a red sled <EOS>

image: ('1105959054_9c3a738096.jpg',)
truth == a young girl painting a picture
output > a person in a white shirt is jumping off a wall <EOS>

image: ('1030985833_b0902ea560.jpg',)
truth == a brown and black lab are outside and the black lab is catching a toy in its mouth
output > a brown dog with a black collar is running <EOS>

image: ('1075716537_62105738b4.jpg',)
truth == a little boy rides a bike down a hill on a miniature dirt bike
output > a man in a red helmet rides his bike <EOS>

image: ('1119463452_69d4eecd08.jpg',)
truth == a little girl swimming in a pool
output > two young girls in a pool <EOS>

[37/50,   751/938] avg train loss: 2.593 avg val loss: 3.135 lr: 0.000007
image: ('1110208841_5bb6806afe.jpg',)
truth == a black and white border collie catches a frisbee in front of an audience
output > a dog jumps over a frisbee <EOS>

image: ('1067180831_a59dc64344.jpg',)
truth == a black and white dog jumps to get the frisbee
output > a black and white dog is running through the grass <EOS>

image: ('1187435567_18173c148b.jpg',)
truth == a small brown and black dog
output > a dog is laying on a bed <EOS>

image: ('1130017585_1a219257ac.jpg',)
truth == three girls make faces as one takes a drink while they stand in a busy street
output > a woman with a white shirt and a white shirt is blowing bubbles <EOS>

image: ('1213336750_2269b51397.jpg',)
truth == a man in a black jacket is taking a photo of a man in a red jacket
output > a man in a red shirt and red jacket and red jacket is walking on a city street <EOS>

[37/50,   938/938] avg train loss: 2.587 avg val loss: 3.134 lr: 0.000007
image: ('119534510_d52b3781a3.jpg',)
truth == a person in a brown jacket is sitting on a pier by the water reading
output > a man in a white shirt is standing on a boat <EOS>

image: ('1012212859_01547e3f17.jpg',)
truth == a white dog shakes on the edge of a beach with an orange ball
output > a dog is running through the water <EOS>

image: ('1057089366_ca83da0877.jpg',)
truth == a kid jumps off the diving board and into the swimming pool below
output > a boy jumps into a pool <EOS>

image: ('1130017585_1a219257ac.jpg',)
truth == three girls make faces as one takes a drink while they stand in a busy street
output > a woman with a white shirt and a woman in a white shirt is holding a white shirt <EOS>

image: ('1131155939_b4b457b05e.jpg',)
truth == a black dog runs into the ocean next to a pile of seaweed
output > a dog is running in the water <EOS>

[38/50,   251/938] avg train loss: 2.589 avg val loss: 3.134 lr: 0.000010
image: ('1067180831_a59dc64344.jpg',)
truth == a black and white dog jumps after a yellow toy
output > a black and white dog is running through the grass <EOS>

image: ('1001773457_577c3a7d70.jpg',)
truth == a black dog and a tri colored dog playing with each other on the road
output > two dogs are playing with a ball <EOS>

image: ('109260216_85b0be5378.jpg',)
truth == a person <UNK> down a steep incline
output > a man is climbing a rock <EOS>

image: ('1012212859_01547e3f17.jpg',)
truth == a dog shakes its head near the shore a red ball next to it
output > a dog with a stick in its mouth <EOS>

image: ('1130017585_1a219257ac.jpg',)
truth == three young women pose for the camera at a parade
output > a woman in a white shirt and white shirt is holding a drink <EOS>

[38/50,   501/938] avg train loss: 2.583 avg val loss: 3.137 lr: 0.000010
image: ('1012212859_01547e3f17.jpg',)
truth == a dog shakes its head near the shore a red ball next to it
output > a dog with a stick in its mouth <EOS>

image: ('1001773457_577c3a7d70.jpg',)
truth == a black dog and a white dog with brown spots are staring at each other in the street
output > two dogs are playing with a ball <EOS>

image: ('1131155939_b4b457b05e.jpg',)
truth == a dog is running in the waves at the beach
output > a dog is running in the water <EOS>

image: ('1028205764_7e8df9a2ea.jpg',)
truth == a man and a little boy in blue life jackets are rowing a yellow canoe
output > a man in a yellow canoe paddles water <EOS>

image: ('1110208841_5bb6806afe.jpg',)
truth == a black and white border collie catches a frisbee in front of an audience
output > a dog jumps over a frisbee <EOS>

[38/50,   751/938] avg train loss: 2.590 avg val loss: 3.136 lr: 0.000010
image: ('105342180_4d4a40b47f.jpg',)
truth == a woman with a paddle
output > a girl in a bathing suit is standing on a lake <EOS>

image: ('1235580648_7eebaed9bc.jpg',)
truth == the <UNK> males pose for a picture
output > a man in a blue shirt and a blue shirt is holding a microphone <EOS>

image: ('1225443522_1633e7121f.jpg',)
truth == a woman walking down a brick sidewalk
output > a man is walking down a street <EOS>

image: ('1067180831_a59dc64344.jpg',)
truth == a black and white dog jumps after a yellow toy
output > a black and white dog is running through the grass <EOS>

image: ('1225443522_1633e7121f.jpg',)
truth == a woman in a blue coat and blue heels walks down a city sidewalk at night
output > a man is walking down a street <EOS>

[38/50,   938/938] avg train loss: 2.571 avg val loss: 3.135 lr: 0.000010
image: ('1225443522_1633e7121f.jpg',)
truth == a woman in a blue coat and blue heels walks down a city sidewalk at night
output > a man is walking down a street <EOS>

image: ('1213336750_2269b51397.jpg',)
truth == a man in a black outfit is taking a photograph of a man in a red jacket
output > a man in a red shirt is walking on a city street <EOS>

image: ('1075716537_62105738b4.jpg',)
truth == a child with a helmet on his head rides a bike
output > a man in a red helmet rides his bike <EOS>

image: ('109260216_85b0be5378.jpg',)
truth == a person wearing a red vest climbs up a steep rock
output > a man is climbing a rock <EOS>

image: ('1075716537_62105738b4.jpg',)
truth == a young boy in a helmet rides a bike on the road
output > a man in a red helmet rides his bike <EOS>

[39/50,   251/938] avg train loss: 2.570 avg val loss: 3.134 lr: 0.000013
image: ('119534510_d52b3781a3.jpg',)
truth == a man in a brown shirt sitting on a dock and reading
output > a man in a white shirt is standing on a boat <EOS>

image: ('1028205764_7e8df9a2ea.jpg',)
truth == man and child in yellow kayak
output > a man and a woman are in a boat <EOS>

image: ('1280320287_b2a4b9b7bd.jpg',)
truth == two boys wakeboard
output > a man is riding a boat into the water <EOS>

image: ('1030985833_b0902ea560.jpg',)
truth == black dog <UNK> at red and black object as brown dog lunges
output > a brown dog with a black collar is running <EOS>

image: ('1001773457_577c3a7d70.jpg',)
truth == a black dog and a tri colored dog playing with each other on the road
output > two dogs are playing with a ball <EOS>

Saved checkpoint to saved_models/resnet_decoder_init/30_continued/model.pt
[39/50,   501/938] avg train loss: 2.595 avg val loss: 3.132 lr: 0.000013
image: ('1119463452_69d4eecd08.jpg',)
truth == smiling little girl swimming in outdoor pool
output > two young girls in a pool <EOS>

image: ('1213336750_2269b51397.jpg',)
truth == young man takes picture of another young man in front of church
output > a man in a red shirt and a black pants is walking on a city street <EOS>

image: ('1167908324_8caab45e15.jpg',)
truth == a man standing in a bar with a neon beer sign hanging on the wall
output > a man in a black shirt is standing in front of a crowd <EOS>

image: ('1240297429_c36ae0c58f.jpg',)
truth == a white and tan dog leaps through the air
output > a dog is jumping in a field <EOS>

image: ('1149179852_acad4d7300.jpg',)
truth == the shirtless man is walking the <UNK> pony and carriage down the street
output > a man in a red shirt is sitting on a bench <EOS>

[39/50,   751/938] avg train loss: 2.568 avg val loss: 3.135 lr: 0.000013
image: ('1119463452_69d4eecd08.jpg',)
truth == a girl in a pink swimsuit in a pool
output > a girl in a pink shirt is swimming pool <EOS>

image: ('1067180831_a59dc64344.jpg',)
truth == a black and white dog is attempting to catch a yellow and purple object in a low cut yard
output > a black and white dog is running through a grassy field <EOS>

image: ('1240297429_c36ae0c58f.jpg',)
truth == a dog is wearing a red number 6 and running through a field of green grass while being chased by a bird
output > a dog is jumping in a field <EOS>

image: ('119534510_d52b3781a3.jpg',)
truth == a man is sitting next to the water reading
output > a man in a white shirt is standing on a boat <EOS>

image: ('1001773457_577c3a7d70.jpg',)
truth == a black dog and a spotted dog are fighting
output > two dogs are playing with a ball <EOS>

[39/50,   938/938] avg train loss: 2.590 avg val loss: 3.133 lr: 0.000013
image: ('1204996216_71d7519d9a.jpg',)
truth == a little boy in a red shirt sitting on a wooden picnic table bench
output > a boy is sitting on a wooden bench <EOS>

image: ('1007320043_627395c3d8.jpg',)
truth == a child playing on a rope net
output > a girl in a red shirt and red shirt is holding a red and white and white and white shirt <EOS>

image: ('1235580648_7eebaed9bc.jpg',)
truth == two men in tall hats <UNK> at the camera
output > a man in a blue shirt and a mask <EOS>

image: ('1204996216_71d7519d9a.jpg',)
truth == a child is laying down on a wooden bench
output > a boy is sitting on a wooden bench <EOS>

image: ('1204996216_71d7519d9a.jpg',)
truth == a child is on a bench with arms stretched out
output > a boy is sitting on a wooden bench <EOS>

[40/50,   251/938] avg train loss: 2.569 avg val loss: 3.135 lr: 0.000016
image: ('102351840_323e3de834.jpg',)
truth == a man drilling a hole in the ice
output > two people are walking on the beach <EOS>

image: ('1067180831_a59dc64344.jpg',)
truth == a dog jumps to catch a toy
output > a black and white dog is running through the grass <EOS>

image: ('1149179852_acad4d7300.jpg',)
truth == the shirtless man is walking the <UNK> pony and carriage down the street
output > a man is sitting on a bench <EOS>

image: ('1075716537_62105738b4.jpg',)
truth == the young boy pedals quickly at a bmx race
output > a man in a red helmet rides his bike <EOS>

image: ('1075716537_62105738b4.jpg',)
truth == a young boy in a helmet rides a bike on the road
output > a man in a red helmet rides his bike <EOS>

[40/50,   501/938] avg train loss: 2.573 avg val loss: 3.136 lr: 0.000016
image: ('1075716537_62105738b4.jpg',)
truth == the young boy pedals quickly at a bmx race
output > a man in a red helmet rides his bike <EOS>

image: ('119534510_d52b3781a3.jpg',)
truth == a man is sitting next to the water reading
output > a man in a white shirt is standing on a boat <EOS>

image: ('1012212859_01547e3f17.jpg',)
truth == a white dog shakes on the edge of a beach with an orange ball
output > a dog with a stick in its mouth <EOS>

image: ('109260216_85b0be5378.jpg',)
truth == a person climbing down a sheer rock cliff using a rope
output > a man is climbing a rock <EOS>

image: ('1057089366_ca83da0877.jpg',)
truth == a kid jumps off the diving board and into the swimming pool below
output > a boy jumps into a pool <EOS>

Saved checkpoint to saved_models/resnet_decoder_init/30_continued/model.pt
[40/50,   751/938] avg train loss: 2.582 avg val loss: 3.131 lr: 0.000016
image: ('1231229740_8dcbf80bfb.jpg',)
truth == a little boy has fallen asleep on a miniature sofa and a pacifier in his mouth
output > a little boy in a red shirt is sitting on a red slide <EOS>

image: ('119534510_d52b3781a3.jpg',)
truth == a man in a brown shirt sitting on a dock and reading
output > a boy in a yellow shirt is swimming pool <EOS>

image: ('119534510_d52b3781a3.jpg',)
truth == a person in a brown jacket is sitting on a pier by the water reading
output > a boy in a yellow shirt is swimming pool <EOS>

image: ('109260216_85b0be5378.jpg',)
truth == a person climbs a tall flat mountain while holding onto a safety rope
output > a man is climbing a rock <EOS>

image: ('1001773457_577c3a7d70.jpg',)
truth == a black dog and a white dog with brown spots are staring at each other in the street
output > two dogs are playing with a ball <EOS>

[40/50,   938/938] avg train loss: 2.582 avg val loss: 3.134 lr: 0.000016
image: ('1012212859_01547e3f17.jpg',)
truth == a white dog shakes on the edge of a beach with an orange ball
output > a dog with a stick in its mouth <EOS>

image: ('1110208841_5bb6806afe.jpg',)
truth == a brown and white dog catches a frisbee in it mouth in front of a group of people
output > a dog jumps over a frisbee <EOS>

image: ('1280320287_b2a4b9b7bd.jpg',)
truth == two boys waterskiing
output > a man is riding a boat into the water <EOS>

image: ('1028205764_7e8df9a2ea.jpg',)
truth == a man and a little boy in blue life jackets are rowing a yellow canoe
output > a man in a yellow canoe paddles water <EOS>

image: ('1231229740_8dcbf80bfb.jpg',)
truth == a young baby sucking a <UNK> asleep in a chair
output > a little boy in a red shirt is sitting on a red slide <EOS>

[41/50,   251/938] avg train loss: 2.568 avg val loss: 3.133 lr: 0.000020
image: ('1204996216_71d7519d9a.jpg',)
truth == a little boy lies down on a picnic table bench
output > a boy is sitting on a wooden bench <EOS>

image: ('1028205764_7e8df9a2ea.jpg',)
truth == a man and a little boy in blue life jackets are rowing a yellow canoe
output > a man in a yellow canoe paddles water <EOS>

image: ('1022454428_b6b660a67b.jpg',)
truth == a couple with their newborn baby sitting under a tree facing a lake
output > a man in a black shirt and white shirt is sitting on a park <EOS>

image: ('1149179852_acad4d7300.jpg',)
truth == a man without a shirt on is guiding a large brown horse pulling a green and yellow wagon
output > a man in a red shirt is sitting on a bench <EOS>

image: ('1007320043_627395c3d8.jpg',)
truth == a child playing on a rope net
output > a girl in a red shirt and white shirt is holding a red and white shirt <EOS>

[41/50,   501/938] avg train loss: 2.588 avg val loss: 3.134 lr: 0.000020
image: ('1007320043_627395c3d8.jpg',)
truth == a small child grips onto the red ropes at the playground
output > a girl in a red shirt and red shirt is holding a red and white and white and white shirt <EOS>

image: ('1131155939_b4b457b05e.jpg',)
truth == a dog is running in the waves at the beach
output > a dog is running in the ocean <EOS>

image: ('1149179852_acad4d7300.jpg',)
truth == the shirtless man is walking the <UNK> pony and carriage down the street
output > a man in a red shirt is sitting on a bench <EOS>

image: ('1130017585_1a219257ac.jpg',)
truth == three girls make faces as one takes a drink while they stand in a busy street
output > a woman in a white shirt and a white shirt is holding a drink up <EOS>

image: ('1130017585_1a219257ac.jpg',)
truth == three women on the street drinking and posing
output > a woman in a white shirt and a white shirt is holding a drink up <EOS>

[41/50,   751/938] avg train loss: 2.564 avg val loss: 3.135 lr: 0.000020
image: ('1187435567_18173c148b.jpg',)
truth == a small brown and black dog
output > a dog is laying on a red couch <EOS>

image: ('109260216_85b0be5378.jpg',)
truth == a person wearing a red vest climbs up a steep rock
output > a man is climbing a rock <EOS>

image: ('1030985833_b0902ea560.jpg',)
truth == a black dog and a brown dog are jumping up to catch a red toy
output > a brown dog with a black collar is running <EOS>

image: ('1149179852_acad4d7300.jpg',)
truth == a man without a shirt on is guiding a large brown horse pulling a green and yellow wagon
output > a man is sitting on a bench <EOS>

image: ('1280320287_b2a4b9b7bd.jpg',)
truth == a man is pulled behind a boat on a knee board while another doing the same begins to fall
output > a man is riding a boat into the water <EOS>

[41/50,   938/938] avg train loss: 2.575 avg val loss: 3.134 lr: 0.000020
image: ('119534510_d52b3781a3.jpg',)
truth == a man is sitting next to the water reading
output > a man in a white shirt is standing on a boat <EOS>

image: ('105342180_4d4a40b47f.jpg',)
truth == a woman with a paddle sits in a boat on the water
output > a girl in a bathing suit is looking at the water <EOS>

image: ('109738916_236dc456ac.jpg',)
truth == two helmeted men sit on yellow <UNK> while another man stands behind watching
output > a man in a red and black helmet and yellow and yellow and yellow and yellow and yellow and yellow and yellow and yellow and yellow and yellow jacket is riding

image: ('119534510_d52b3781a3.jpg',)
truth == a person in a brown jacket is sitting on a pier by the water reading
output > a man in a white shirt is standing on a boat <EOS>

image: ('1240297429_c36ae0c58f.jpg',)
truth == a dog in a number six jersey is running through a field
output > a white dog is jumping over a frisbee <EOS>

[42/50,   251/938] avg train loss: 2.549 avg val loss: 3.136 lr: 0.000024
image: ('1057089366_ca83da0877.jpg',)
truth == a little kid is jumping off a high dive at the pool
output > a boy jumps into a pool <EOS>

image: ('1119463452_69d4eecd08.jpg',)
truth == a little girl swimming in a pool
output > two young girls in a pool <EOS>

image: ('1149179852_acad4d7300.jpg',)
truth == the shirtless man is walking the <UNK> pony and carriage down the street
output > a man in a red shirt is sitting on a bench <EOS>

image: ('1225443522_1633e7121f.jpg',)
truth == a woman walks down a city sidewalk at night
output > a man is walking down a street <EOS>

image: ('1167908324_8caab45e15.jpg',)
truth == a man stands next to a bank of computer <UNK> machines
output > a man in a suit is standing in front of a crowd <EOS>

[42/50,   501/938] avg train loss: 2.569 avg val loss: 3.138 lr: 0.000024
image: ('1007320043_627395c3d8.jpg',)
truth == a little girl climbing on red roping
output > a girl in a red shirt and red shirt is holding a red and white shirt <EOS>

image: ('1130017585_1a219257ac.jpg',)
truth == three women on the street drinking and posing
output > a woman in a white shirt and a woman in a white shirt is holding a white shirt <EOS>

image: ('1295669416_21cabf594d.jpg',)
truth == a girl in a red and black striped shirt sits on a brick wall in front of a tropical plant
output > a man in a black shirt and a black shirt is standing on a bench <EOS>

image: ('1149179852_acad4d7300.jpg',)
truth == a man without a shirt on is guiding a large brown horse pulling a green and yellow wagon
output > a man in a red shirt is sitting on a bench <EOS>

image: ('1030985833_b0902ea560.jpg',)
truth == black dog <UNK> at red and black object as brown dog lunges
output > a brown dog with a black collar is biting a black dog <EOS>

[42/50,   751/938] avg train loss: 2.579 avg val loss: 3.131 lr: 0.000024
image: ('1167908324_8caab45e15.jpg',)
truth == a man is standing by a group of video games in a bar
output > a man is standing in front of a crowd <EOS>

image: ('1022454428_b6b660a67b.jpg',)
truth == couple with a baby sit outdoors next to their stroller
output > a man in a black shirt and white shirt is sitting on a park <EOS>

image: ('1235580648_7eebaed9bc.jpg',)
truth == two men in tall hats <UNK> at the camera
output > a man in a blue shirt and a blue shirt is holding a microphone <EOS>

image: ('1057089366_ca83da0877.jpg',)
truth == the boy is jumping off a high diving board into the pool
output > a boy jumps into a pool <EOS>

image: ('1213336750_2269b51397.jpg',)
truth == a man in a black jacket is taking a photo of a man in a red jacket
output > a man in a red shirt is walking on a city street <EOS>

Saved checkpoint to saved_models/resnet_decoder_init/30_continued/model.pt
[42/50,   938/938] avg train loss: 2.571 avg val loss: 3.130 lr: 0.000024
image: ('1204996216_71d7519d9a.jpg',)
truth == a little boy lies down on a picnic table bench
output > a boy is sitting on a wooden bench <EOS>

image: ('105342180_4d4a40b47f.jpg',)
truth == a woman kayaking down a river
output > a young girl in a bathing suit is standing on a lake <EOS>

image: ('109260216_85b0be5378.jpg',)
truth == a person is climbing a rock while holding onto a white rope
output > a man is climbing a rock <EOS>

image: ('1057089366_ca83da0877.jpg',)
truth == the boy is jumping off a high diving board into the pool
output > a boy jumps into a pool <EOS>

image: ('105342180_4d4a40b47f.jpg',)
truth == a woman paddles a boat down a river
output > a young girl in a bathing suit is standing on a lake <EOS>

[43/50,   251/938] avg train loss: 2.554 avg val loss: 3.133 lr: 0.000029
image: ('1240297429_c36ae0c58f.jpg',)
truth == the dog in a vest leaps in the air and there is a bird flying
output > a dog is jumping in a field <EOS>

image: ('1295669416_21cabf594d.jpg',)
truth == a girl dressed in a red and black top with black pants is sitting on a wall
output > a man in a black shirt and a red shirt is standing on a bench <EOS>

image: ('1105959054_9c3a738096.jpg',)
truth == a young girl painting a picture
output > a snowboarder is jumping over a jump <EOS>

image: ('1225443522_1633e7121f.jpg',)
truth == a woman in a blue coat and blue heels walks down a city sidewalk at night
output > a man is walking down a street <EOS>

image: ('12830823_87d2654e31.jpg',)
truth == several people are standing near a fish pond
output > two children are jumping into a pool <EOS>

[43/50,   501/938] avg train loss: 2.569 avg val loss: 3.133 lr: 0.000029
image: ('1110208841_5bb6806afe.jpg',)
truth == a black and white border collie catches a frisbee in front of an audience
output > a dog jumps over a frisbee <EOS>

image: ('1213336750_2269b51397.jpg',)
truth == a man in a black outfit is taking a photograph of a man in a red jacket
output > a man in a red shirt is standing on a city street <EOS>

image: ('1131155939_b4b457b05e.jpg',)
truth == a dog at the shore of an ocean with seaweed in foreground
output > a dog is running in the water <EOS>

image: ('1057089366_ca83da0877.jpg',)
truth == the boy is jumping off a high diving board into the pool
output > a boy jumps into a pool <EOS>

image: ('1225443522_1633e7121f.jpg',)
truth == a woman walking down a brick sidewalk
output > a man is standing on a sidewalk in front of a building <EOS>

[43/50,   751/938] avg train loss: 2.558 avg val loss: 3.134 lr: 0.000029
image: ('1110208841_5bb6806afe.jpg',)
truth == a dog jumps to catch a frisbee while many people watch
output > a dog jumps over a frisbee <EOS>

image: ('1028205764_7e8df9a2ea.jpg',)
truth == a man and child kayak through <UNK> waters
output > a man in a yellow canoe paddles water <EOS>

image: ('1187435567_18173c148b.jpg',)
truth == a small dog plays with a toy on top of a white blanket
output > a dog is laying on a bed <EOS>

image: ('119534510_d52b3781a3.jpg',)
truth == a man reading a book on the dock near a post
output > a man in a white shirt is standing on a boat <EOS>

image: ('1028205764_7e8df9a2ea.jpg',)
truth == a man and young boy ride in a yellow kayak
output > a man in a yellow canoe paddles water <EOS>

[43/50,   938/938] avg train loss: 2.557 avg val loss: 3.132 lr: 0.000029
image: ('1012212859_01547e3f17.jpg',)
truth == white dog playing with a red ball on the shore near the water
output > a dog with a stick in its mouth <EOS>

image: ('1012212859_01547e3f17.jpg',)
truth == a white dog shakes on the edge of a beach with an orange ball
output > a dog with a stick in its mouth <EOS>

image: ('102351840_323e3de834.jpg',)
truth == a person standing on a frozen lake
output > two people are walking on the beach <EOS>

image: ('105342180_4d4a40b47f.jpg',)
truth == a woman with a paddle
output > a girl in a bathing suit is standing on a lake <EOS>

image: ('105342180_4d4a40b47f.jpg',)
truth == a girl paddling down a large river as seen from behind her
output > a girl in a bathing suit is standing on a lake <EOS>

[44/50,   251/938] avg train loss: 2.545 avg val loss: 3.135 lr: 0.000033
image: ('1022454428_b6b660a67b.jpg',)
truth == a couple with their newborn baby sitting under a tree facing a lake
output > a man and a woman are sitting on a bench <EOS>

image: ('1280320287_b2a4b9b7bd.jpg',)
truth == two boys wakeboard
output > a man is riding a boat into the water <EOS>

image: ('109260216_85b0be5378.jpg',)
truth == a person is climbing a rock while holding onto a white rope
output > a man is climbing a rock <EOS>

image: ('1075716537_62105738b4.jpg',)
truth == a little boy rides a bike down a hill on a miniature dirt bike
output > a man in a red helmet rides his bike <EOS>

image: ('127490019_7c5c08cb11.jpg',)
truth == a woman wearing a blue shirt and hat with khaki shorts plays golf
output > a man in a white shirt and a white shirt and a white shirt and a white shirt and a white shirt and a white shirt and a white shirt and

[44/50,   501/938] avg train loss: 2.552 avg val loss: 3.131 lr: 0.000033
image: ('1105959054_9c3a738096.jpg',)
truth == a young girl painting a picture
output > a person in a white shirt is jumping off a wall <EOS>

image: ('1057089366_ca83da0877.jpg',)
truth == a kid jumps off the diving board and into the swimming pool below
output > a boy jumps into a pool <EOS>

image: ('1167908324_8caab45e15.jpg',)
truth == a man stands next to a bank of computer <UNK> machines
output > a man is sitting at a table <EOS>

image: ('1007320043_627395c3d8.jpg',)
truth == a small child grips onto the red ropes at the playground
output > a little girl in a red shirt is holding a red and white and white shirt <EOS>

image: ('109738916_236dc456ac.jpg',)
truth == people pose with helmets and goggles on while riding <UNK>
output > a man in a red helmet and black and yellow and yellow and yellow and yellow and yellow and yellow jacket is riding a red sled <EOS>

[44/50,   751/938] avg train loss: 2.549 avg val loss: 3.131 lr: 0.000033
image: ('1007320043_627395c3d8.jpg',)
truth == a child playing on a rope net
output > a little girl in a red shirt is holding a red and white and white shirt <EOS>

image: ('1110208841_5bb6806afe.jpg',)
truth == a brown and white dug jumping up to catch a frisbee while an audience watches
output > a dog jumps over a frisbee <EOS>

image: ('1204996216_71d7519d9a.jpg',)
truth == a little boy lies down on a picnic table bench
output > a boy is sitting on a wooden bench <EOS>

image: ('119534510_d52b3781a3.jpg',)
truth == person sitting on concrete landing next to body of water
output > a man in a white shirt is standing on a boat <EOS>

image: ('1213336750_2269b51397.jpg',)
truth == a man takes a picture of another man in an open area just off of a busy street
output > a man in a red shirt and red jacket and red jacket is walking <EOS>

[44/50,   938/938] avg train loss: 2.556 avg val loss: 3.130 lr: 0.000033
image: ('109260216_85b0be5378.jpg',)
truth == a person climbs a tall flat mountain while holding onto a safety rope
output > a man is climbing a rock <EOS>

image: ('12830823_87d2654e31.jpg',)
truth == some children watching fish in a pool
output > two children are jumping into a pool <EOS>

image: ('1187435567_18173c148b.jpg',)
truth == a small dog plays with a toy on top of a white blanket
output > a dog is laying on a bed <EOS>

image: ('1204996216_71d7519d9a.jpg',)
truth == a child is on a bench with arms stretched out
output > a boy is sitting on a wooden bench <EOS>

image: ('1028205764_7e8df9a2ea.jpg',)
truth == a man and a little boy in blue life jackets are rowing a yellow canoe
output > a man in a yellow canoe paddles water <EOS>

[45/50,   251/938] avg train loss: 2.532 avg val loss: 3.133 lr: 0.000038
image: ('1231229740_8dcbf80bfb.jpg',)
truth == a child in gray clothes is sleeping on a red cushion
output > a little boy in a red shirt is sitting on a chair <EOS>

image: ('1231229740_8dcbf80bfb.jpg',)
truth == a sleeping child sucking on a pacifier
output > a little boy in a red shirt is sitting on a chair <EOS>

image: ('1131155939_b4b457b05e.jpg',)
truth == a dog at the shore of an ocean with seaweed in foreground
output > a dog is running in the ocean <EOS>

image: ('1240297429_c36ae0c58f.jpg',)
truth == the dog in a vest leaps in the air and there is a bird flying
output > two dogs are playing in a field <EOS>

image: ('1131155939_b4b457b05e.jpg',)
truth == a pile of seaweed sits on the sand behind it a big black dog is running in the water
output > a dog is running in the ocean <EOS>

[45/50,   501/938] avg train loss: 2.551 avg val loss: 3.130 lr: 0.000038
image: ('1204996216_71d7519d9a.jpg',)
truth == a boy lays on a picnic table bench
output > a boy is sitting on a wooden bench in a wooden bench <EOS>

image: ('1110208841_5bb6806afe.jpg',)
truth == a brown and white dug jumping up to catch a frisbee while an audience watches
output > a dog jumps over a frisbee <EOS>

image: ('1280320287_b2a4b9b7bd.jpg',)
truth == two younger people are being pulled on watercraft behind a boat
output > a man is riding a boat into the water <EOS>

image: ('1149179852_acad4d7300.jpg',)
truth == shirtless man leading a small horse drawn covered wagon down a road
output > a man in a red shirt is sitting on a bench <EOS>

image: ('119534510_d52b3781a3.jpg',)
truth == person sitting on concrete landing next to body of water
output > a boy in a yellow shirt is swimming pool <EOS>

[45/50,   751/938] avg train loss: 2.542 avg val loss: 3.130 lr: 0.000038
image: ('1110208841_5bb6806afe.jpg',)
truth == a black and white border collie catches a frisbee in front of an audience
output > a dog jumps over a frisbee <EOS>

image: ('12830823_87d2654e31.jpg',)
truth == some children watching fish in a pool
output > two children are jumping into a pool <EOS>

image: ('1105959054_9c3a738096.jpg',)
truth == an artist paints clouds onto a canvas
output > a man is climbing a wall <EOS>

image: ('1204996216_71d7519d9a.jpg',)
truth == a child is on a bench with arms stretched out
output > a boy is sitting on a wooden bench in a wooden bench <EOS>

image: ('1149179852_acad4d7300.jpg',)
truth == the shirtless man is walking the <UNK> pony and carriage down the street
output > a man is sitting on a bench <EOS>

Saved checkpoint to saved_models/resnet_decoder_init/30_continued/model.pt
[45/50,   938/938] avg train loss: 2.535 avg val loss: 3.128 lr: 0.000038
image: ('1075716537_62105738b4.jpg',)
truth == a little boy rides a bike down a hill on a miniature dirt bike
output > a man in a red helmet rides his bike <EOS>

image: ('1231229740_8dcbf80bfb.jpg',)
truth == a toddler wearing a pacifier is sleeping on a red blanket with a teddy bear at his side
output > a little boy in a red shirt is sitting on a plastic slide <EOS>

image: ('1130017585_1a219257ac.jpg',)
truth == three women on the street drinking and posing
output > a woman in a white shirt is blowing bubbles <EOS>

image: ('1167908324_8caab45e15.jpg',)
truth == a man is standing by a group of video games in a bar
output > a man in a suit is standing in front of a crowd <EOS>

image: ('1105959054_9c3a738096.jpg',)
truth == a child painting a picture
output > a boy in a blue shirt is jumping off a wall <EOS>

[46/50,   251/938] avg train loss: 2.533 avg val loss: 3.131 lr: 0.000043
image: ('1119463452_69d4eecd08.jpg',)
truth == a girl swimming in a pool
output > two young girls are in a pool <EOS>

image: ('109738916_236dc456ac.jpg',)
truth == several people are taking a break while on a snowmobiling ride
output > a man in a red helmet and black helmet and yellow and yellow and yellow and yellow and yellow and yellow and yellow and yellow and yellow helmet riding a red

image: ('1057089366_ca83da0877.jpg',)
truth == a boy descends off the end of a high diving board
output > a boy jumps into a pool <EOS>

image: ('1235580648_7eebaed9bc.jpg',)
truth == two people wearing hats sit and look at the camera
output > a man in a blue shirt and a blue shirt is holding a microphone <EOS>

image: ('1204996216_71d7519d9a.jpg',)
truth == a child is on a bench with arms stretched out
output > a boy is sitting on a wooden bench in a park bench <EOS>

[46/50,   501/938] avg train loss: 2.516 avg val loss: 3.128 lr: 0.000043
image: ('127490019_7c5c08cb11.jpg',)
truth == a woman wearing a blue shirt and hat with khaki shorts plays golf
output > a woman in a white shirt and blue shorts is walking on a field <EOS>

image: ('1225443522_1633e7121f.jpg',)
truth == a woman walks down a brick sidewalk at night
output > a man is walking down a street <EOS>

image: ('1231229740_8dcbf80bfb.jpg',)
truth == a toddler wearing a pacifier is sleeping on a red blanket with a teddy bear at his side
output > a little boy in a red shirt is sitting on a chair <EOS>

image: ('1028205764_7e8df9a2ea.jpg',)
truth == a man and a little boy in blue life jackets are rowing a yellow canoe
output > a man in a yellow canoe paddles water <EOS>

image: ('1105959054_9c3a738096.jpg',)
truth == a young girl with braids is painting with water colors on a white paper on the wall
output > a man is climbing a wall <EOS>

[46/50,   751/938] avg train loss: 2.526 avg val loss: 3.129 lr: 0.000043
image: ('1204996216_71d7519d9a.jpg',)
truth == a little boy lies down on a picnic table bench
output > a boy and a boy are sitting on a wooden bench <EOS>

image: ('1012212859_01547e3f17.jpg',)
truth == white dog playing with a red ball on the shore near the water
output > a white dog is running in the water <EOS>

image: ('102351840_323e3de834.jpg',)
truth == two men are ice fishing
output > two people are walking on the beach <EOS>

image: ('1225443522_1633e7121f.jpg',)
truth == a woman walks down a brick sidewalk at night
output > a man is walking down a street <EOS>

image: ('12830823_87d2654e31.jpg',)
truth == children sit and watch the fish moving in the pond
output > two children are jumping into a pool <EOS>

[46/50,   938/938] avg train loss: 2.538 avg val loss: 3.128 lr: 0.000043
image: ('1030985833_b0902ea560.jpg',)
truth == a black dog and a brown dog play with a red toy on a courtyard
output > a brown dog is running with a black dog <EOS>

image: ('1130017585_1a219257ac.jpg',)
truth == three women on the street drinking and posing
output > a woman in a white shirt and a white shirt is holding a drink from a man <EOS>

image: ('1105959054_9c3a738096.jpg',)
truth == a young girl with braids is painting with water colors on a white paper on the wall
output > a man is climbing a wall <EOS>

image: ('1204996216_71d7519d9a.jpg',)
truth == a little boy in a red shirt sitting on a wooden picnic table bench
output > a boy is sitting on a wooden bench in a wooden bench <EOS>

image: ('1280320287_b2a4b9b7bd.jpg',)
truth == two younger people are being pulled on watercraft behind a boat
output > a man is riding a boat into the water <EOS>

[47/50,   251/938] avg train loss: 2.502 avg val loss: 3.132 lr: 0.000048
image: ('1007320043_627395c3d8.jpg',)
truth == the small child climbs on a red ropes on a playground
output > a little girl in a red shirt and white shirt is holding a red and white shirt <EOS>

image: ('127490019_7c5c08cb11.jpg',)
truth == a woman in shorts and a blue sleeveless shirt leans over a golf club
output > a woman in a white shirt and blue shorts is walking on a field <EOS>

image: ('109738916_236dc456ac.jpg',)
truth == three people and two <UNK>
output > a man in a red helmet and black and yellow and yellow and yellow jacket is riding a red sled <EOS>

image: ('1028205764_7e8df9a2ea.jpg',)
truth == a man and child kayak through <UNK> waters
output > a man in a yellow canoe paddles water <EOS>

image: ('1225443522_1633e7121f.jpg',)
truth == a woman walks down a city sidewalk at night
output > a man is standing on a skateboard <EOS>

Saved checkpoint to saved_models/resnet_decoder_init/30_continued/model.pt
[47/50,   501/938] avg train loss: 2.509 avg val loss: 3.125 lr: 0.000048
image: ('109260216_85b0be5378.jpg',)
truth == a person climbs a tall flat mountain while holding onto a safety rope
output > a man is climbing a rock <EOS>

image: ('1149179852_acad4d7300.jpg',)
truth == a shirtless man leading a horse that is pulling a carriage
output > a man in a red shirt is sitting on a bench <EOS>

image: ('1075716537_62105738b4.jpg',)
truth == a little boy rides a bike down a hill on a miniature dirt bike
output > a man in a red helmet rides his bike <EOS>

image: ('1067180831_a59dc64344.jpg',)
truth == a black and white dog jumps to get the frisbee
output > a black and white dog is running on a grassy field <EOS>

image: ('1131155939_b4b457b05e.jpg',)
truth == a dog is running in the waves at the beach
output > a dog is running in the ocean <EOS>

[47/50,   751/938] avg train loss: 2.516 avg val loss: 3.126 lr: 0.000048
image: ('1240297429_c36ae0c58f.jpg',)
truth == a white and tan dog leaps through the air
output > a dog is running in a field <EOS>

image: ('1130017585_1a219257ac.jpg',)
truth == three young women pose for the camera at a parade
output > a woman in a white shirt is blowing bubbles <EOS>

image: ('1235580648_7eebaed9bc.jpg',)
truth == the two men are wearing tall hats one hat is a red print and the other is gold colored
output > a man in a yellow shirt and a blue shirt is holding a microphone <EOS>

image: ('1057089366_ca83da0877.jpg',)
truth == a little kid is jumping off a high dive at the pool
output > a boy jumps into a pool <EOS>

image: ('1149179852_acad4d7300.jpg',)
truth == a shirtless man <UNK> a horse pulling a carriage along a paved road
output > a man sits on a bench <EOS>

Saved checkpoint to saved_models/resnet_decoder_init/30_continued/model.pt
[47/50,   938/938] avg train loss: 2.541 avg val loss: 3.123 lr: 0.000048
image: ('1235580648_7eebaed9bc.jpg',)
truth == the <UNK> males pose for a picture
output > a man in a yellow shirt and a red shirt is holding a microphone <EOS>

image: ('1012212859_01547e3f17.jpg',)
truth == dog with orange ball at feet stands on shore shaking off water
output > a dog is running in the water <EOS>

image: ('1225443522_1633e7121f.jpg',)
truth == a woman walking down a brick sidewalk
output > a man walks down a street <EOS>

image: ('119534510_d52b3781a3.jpg',)
truth == a person in a brown jacket is sitting on a pier by the water reading
output > a man in a white shirt is standing on a boat <EOS>

image: ('1067180831_a59dc64344.jpg',)
truth == a black dog is jumping up to catch a purple and green toy
output > a black and white dog is running on a grassy field <EOS>

[48/50,   251/938] avg train loss: 2.485 avg val loss: 3.133 lr: 0.000053
image: ('109738916_236dc456ac.jpg',)
truth == two helmeted men sit on yellow <UNK> while another man stands behind watching
output > a man in a yellow and black helmet is riding a yellow and yellow and yellow and yellow and yellow and yellow motorcycle <EOS>

image: ('1130017585_1a219257ac.jpg',)
truth == three young women pose for the camera at a parade
output > a woman in a white shirt and sunglasses is holding a woman in a white dress <EOS>

image: ('1167908324_8caab45e15.jpg',)
truth == a man stands next to three video machines
output > a man and woman are sitting at a table <EOS>

image: ('1187435567_18173c148b.jpg',)
truth == a small shaggy dog playing with a toy on a blanket
output > a small dog is laying on a red couch <EOS>

image: ('1204996216_71d7519d9a.jpg',)
truth == a little boy lies down on a picnic table bench
output > a boy is sitting on a wooden bench in a wooden bench <EOS>

[48/50,   501/938] avg train loss: 2.504 avg val loss: 3.130 lr: 0.000053
image: ('1213336750_2269b51397.jpg',)
truth == a man in a black outfit is taking a photograph of a man in a red jacket
output > a man in a red shirt and red shirt is standing on a city street <EOS>

image: ('1131155939_b4b457b05e.jpg',)
truth == a black dog runs into the ocean next to a pile of seaweed
output > a dog is running in the water <EOS>

image: ('1131155939_b4b457b05e.jpg',)
truth == a dog at the shore of an ocean with seaweed in foreground
output > a dog is running in the water <EOS>

image: ('1001773457_577c3a7d70.jpg',)
truth == two dogs of different breeds looking at each other on the road
output > two dogs are playing with a toy <EOS>

image: ('1012212859_01547e3f17.jpg',)
truth == a dog shakes its head near the shore a red ball next to it
output > a white dog is running on the beach <EOS>

[48/50,   751/938] avg train loss: 2.503 avg val loss: 3.123 lr: 0.000053
image: ('12830823_87d2654e31.jpg',)
truth == children sit and watch the fish moving in the pond
output > two children are jumping into a pool <EOS>

image: ('1167908324_8caab45e15.jpg',)
truth == a man stands next to three video game machines and a beer sign
output > a man is standing in front of a crowd <EOS>

image: ('1131155939_b4b457b05e.jpg',)
truth == a dog at the shore of an ocean with seaweed in foreground
output > a dog is running in the water <EOS>

image: ('1240297429_c36ae0c58f.jpg',)
truth == the dog in a vest leaps in the air and there is a bird flying
output > a dog is jumping in a field <EOS>

image: ('1105959054_9c3a738096.jpg',)
truth == a child painting a picture
output > a man is climbing a rock wall <EOS>

[48/50,   938/938] avg train loss: 2.519 avg val loss: 3.123 lr: 0.000053
image: ('1187435567_18173c148b.jpg',)
truth == a small shaggy dog playing with a toy on a blanket
output > a dog is laying on a red couch <EOS>

image: ('105342180_4d4a40b47f.jpg',)
truth == a girl paddling down a large river as seen from behind her
output > a young girl in a bathing suit is looking into the water <EOS>

image: ('1213336750_2269b51397.jpg',)
truth == a young man taking a picture of another young man outdoors
output > a man in a red shirt and red jacket and red jacket and red jacket and red jacket and a red pants is walking on a city street <EOS>

image: ('1187435567_18173c148b.jpg',)
truth == a small dog plays with a toy on top of a white blanket
output > a dog is laying on a red couch <EOS>

image: ('1213336750_2269b51397.jpg',)
truth == a man in a black jacket is taking a photo of a man in a red jacket
output > a man in a red shirt and red jacket and red jacket and red jacket and red jacket and a red pants is walking on a city street <EOS>

[49/50,   251/938] avg train loss: 2.491 avg val loss: 3.131 lr: 0.000058
image: ('1119463452_69d4eecd08.jpg',)
truth == smiling little girl swimming in outdoor pool
output > two young girls are in a pool <EOS>

image: ('1105959054_9c3a738096.jpg',)
truth == a child painting a picture
output > a person in a white shirt is climbing <EOS>

image: ('1012212859_01547e3f17.jpg',)
truth == white dog with brown ears standing near water with head turned to one side
output > a dog is running in the water <EOS>

image: ('1110208841_5bb6806afe.jpg',)
truth == a brown and white dug jumping up to catch a frisbee while an audience watches
output > a dog jumps over a frisbee <EOS>

image: ('105342180_4d4a40b47f.jpg',)
truth == a woman with a paddle
output > a girl in a bathing suit is holding a lake <EOS>

Saved checkpoint to saved_models/resnet_decoder_init/30_continued/model.pt
[49/50,   501/938] avg train loss: 2.481 avg val loss: 3.122 lr: 0.000058
image: ('1012212859_01547e3f17.jpg',)
truth == white dog with brown ears standing near water with head turned to one side
output > a dog with a stick in its mouth <EOS>

image: ('1119463452_69d4eecd08.jpg',)
truth == a girl swimming in a pool
output > a girl in a pool <EOS>

image: ('1057089366_ca83da0877.jpg',)
truth == a little kid is jumping off a high dive at the pool
output > a boy jumps into a pool <EOS>

image: ('1280320287_b2a4b9b7bd.jpg',)
truth == two younger people are being pulled on watercraft behind a boat
output > a man is riding a boat into the water <EOS>

image: ('1067180831_a59dc64344.jpg',)
truth == a dog jumps to catch a toy
output > a black and white dog is running on a grassy field <EOS>

[49/50,   751/938] avg train loss: 2.484 avg val loss: 3.123 lr: 0.000058
image: ('1022454428_b6b660a67b.jpg',)
truth == a couple sit on the grass with a baby and stroller
output > a man and a woman sit on a cliff <EOS>

image: ('12830823_87d2654e31.jpg',)
truth == several people are standing near a fish pond
output > two children are jumping into a pool <EOS>

image: ('102351840_323e3de834.jpg',)
truth == a person standing on a frozen lake
output > two people are walking on the beach <EOS>

image: ('119534510_d52b3781a3.jpg',)
truth == a man is sitting next to the water reading
output > a man in a white shirt is standing on a boat <EOS>

image: ('1167908324_8caab45e15.jpg',)
truth == a man stands next to three video game machines and a beer sign
output > a man and a woman are sitting on a stage <EOS>

Saved checkpoint to saved_models/resnet_decoder_init/30_continued/model.pt
[49/50,   938/938] avg train loss: 2.491 avg val loss: 3.122 lr: 0.000058
image: ('1187435567_18173c148b.jpg',)
truth == a small shaggy dog playing with a toy on a blanket
output > a small dog is jumping over a red and black and white dog <EOS>

image: ('1075716537_62105738b4.jpg',)
truth == a child with a helmet on his head rides a bike
output > a man rides his bike <EOS>

image: ('1231229740_8dcbf80bfb.jpg',)
truth == a little boy has fallen asleep on a miniature sofa and a pacifier in his mouth
output > a little boy in a red shirt is sitting on a chair <EOS>

image: ('1149179852_acad4d7300.jpg',)
truth == shirtless man leading a small horse drawn covered wagon down a road
output > a man in a red shirt is sitting on a bench <EOS>

image: ('1057089366_ca83da0877.jpg',)
truth == a boy descends off the end of a high diving board
output > a boy jumps into a pool <EOS>

[50/50,   251/938] avg train loss: 2.445 avg val loss: 3.130 lr: 0.000063
image: ('12830823_87d2654e31.jpg',)
truth == some children watching fish in a pool
output > two children are jumping into a pool <EOS>

image: ('1105959054_9c3a738096.jpg',)
truth == a young girl with braids is painting with water colors on a white paper on the wall
output > a man is climbing a rock wall <EOS>

image: ('1240297429_c36ae0c58f.jpg',)
truth == a dog is leaping through the grass
output > a dog is running on a grassy field <EOS>

image: ('102351840_323e3de834.jpg',)
truth == a man drilling a hole in the ice
output > two people are walking on the beach <EOS>

image: ('102351840_323e3de834.jpg',)
truth == two men are ice fishing
output > two people are walking on the beach <EOS>

[50/50,   501/938] avg train loss: 2.478 avg val loss: 3.123 lr: 0.000063
image: ('1231229740_8dcbf80bfb.jpg',)
truth == a little boy has fallen asleep on a miniature sofa and a pacifier in his mouth
output > a little boy in a red shirt is sitting on a chair <EOS>

image: ('1001773457_577c3a7d70.jpg',)
truth == two dogs on pavement moving toward each other
output > two dogs are playing with a toy <EOS>

image: ('1028205764_7e8df9a2ea.jpg',)
truth == man and child in yellow kayak
output > a man in a yellow canoe paddles water <EOS>

image: ('1167908324_8caab45e15.jpg',)
truth == a man standing in a bar with a neon beer sign hanging on the wall
output > a man is standing in front of a crowd <EOS>

image: ('119534510_d52b3781a3.jpg',)
truth == a person in a brown jacket is sitting on a pier by the water reading
output > a boy in a yellow shirt is swimming pool <EOS>

[50/50,   751/938] avg train loss: 2.472 avg val loss: 3.124 lr: 0.000063
image: ('105342180_4d4a40b47f.jpg',)
truth == a girl paddling down a large river as seen from behind her
output > a girl in a bathing suit is looking into the water <EOS>

image: ('1022454428_b6b660a67b.jpg',)
truth == a man and woman care for an infant along the side of a body of water
output > a man in a black shirt and a white shirt is standing next to a man in a large crowd <EOS>

image: ('1119463452_69d4eecd08.jpg',)
truth == smiling little girl swimming in outdoor pool
output > a girl in a pool <EOS>

image: ('1119463452_69d4eecd08.jpg',)
truth == a little girl in a pink bathing suit swimming in a pool
output > a girl in a pool <EOS>

image: ('109738916_236dc456ac.jpg',)
truth == two helmeted men sit on yellow <UNK> while another man stands behind watching
output > a man in a yellow and black helmet is riding a yellow and yellow and yellow and yellow and yellow and yellow and yellow and yellow and yellow motorcycle <EOS>

Saved checkpoint to saved_models/resnet_decoder_init/30_continued/model.pt
Saved checkpoint to saved_models/resnet_decoder_init/30_continued/model_50_epochs.pt
[50/50,   938/938] avg train loss: 2.479 avg val loss: 3.118 lr: 0.000063
