[Parser] Loaded 40455 caption rows for 8091 unique images.
[Splits] train=6000  val=1000  test=1091  images  (seed=42)
[Flickr8kDataset] split='train'  caption pairs=30000
[Vocabulary] 7458 tokens total
[Parser] Loaded 40455 caption rows for 8091 unique images.
[Splits] train=6000  val=1000  test=1091  images  (seed=42)
[Flickr8kDataset] split='val'  caption pairs=5000
[Parser] Loaded 40455 caption rows for 8091 unique images.
[Splits] train=6000  val=1000  test=1091  images  (seed=42)
[Flickr8kDataset] split='test'  caption pairs=5455
Saved checkpoint to saved_models/adam_pass_4/model.pt
[1/30,     1/938] avg train loss: 8.914 avg val loss: 8.711 lr: 0.001000
Saved checkpoint to saved_models/adam_pass_4/model.pt
[1/30,    51/938] avg train loss: 5.436 avg val loss: 4.659 lr: 0.001000
Saved checkpoint to saved_models/adam_pass_4/model.pt
[1/30,   101/938] avg train loss: 4.472 avg val loss: 4.294 lr: 0.001000
Saved checkpoint to saved_models/adam_pass_4/model.pt
[1/30,   151/938] avg train loss: 4.114 avg val loss: 4.132 lr: 0.001000
Saved checkpoint to saved_models/adam_pass_4/model.pt
[1/30,   201/938] avg train loss: 4.065 avg val loss: 4.025 lr: 0.001000
Saved checkpoint to saved_models/adam_pass_4/model.pt
[1/30,   251/938] avg train loss: 3.976 avg val loss: 3.938 lr: 0.001000
Saved checkpoint to saved_models/adam_pass_4/model.pt
[1/30,   301/938] avg train loss: 3.873 avg val loss: 3.874 lr: 0.001000
Saved checkpoint to saved_models/adam_pass_4/model.pt
[1/30,   351/938] avg train loss: 3.798 avg val loss: 3.818 lr: 0.001000
Saved checkpoint to saved_models/adam_pass_4/model.pt
[1/30,   401/938] avg train loss: 3.759 avg val loss: 3.748 lr: 0.001000
Saved checkpoint to saved_models/adam_pass_4/model.pt
[1/30,   451/938] avg train loss: 3.672 avg val loss: 3.707 lr: 0.001000
Saved checkpoint to saved_models/adam_pass_4/model.pt
[1/30,   501/938] avg train loss: 3.641 avg val loss: 3.666 lr: 0.001000
Saved checkpoint to saved_models/adam_pass_4/model.pt
[1/30,   551/938] avg train loss: 3.532 avg val loss: 3.630 lr: 0.001000
Saved checkpoint to saved_models/adam_pass_4/model.pt
[1/30,   601/938] avg train loss: 3.623 avg val loss: 3.597 lr: 0.001000
Saved checkpoint to saved_models/adam_pass_4/model.pt
[1/30,   651/938] avg train loss: 3.536 avg val loss: 3.572 lr: 0.001000
Saved checkpoint to saved_models/adam_pass_4/model.pt
[1/30,   701/938] avg train loss: 3.473 avg val loss: 3.551 lr: 0.001000
Saved checkpoint to saved_models/adam_pass_4/model.pt
[1/30,   751/938] avg train loss: 3.453 avg val loss: 3.531 lr: 0.001000
Saved checkpoint to saved_models/adam_pass_4/model.pt
[1/30,   801/938] avg train loss: 3.478 avg val loss: 3.516 lr: 0.001000
Saved checkpoint to saved_models/adam_pass_4/model.pt
[1/30,   851/938] avg train loss: 3.423 avg val loss: 3.488 lr: 0.001000
Saved checkpoint to saved_models/adam_pass_4/model.pt
[1/30,   901/938] avg train loss: 3.443 avg val loss: 3.454 lr: 0.001000
[1/30,   938/938] avg train loss: 3.368 avg val loss: 3.458 lr: 0.001000
[2/30,     1/938] avg train loss: 3.158 avg val loss: 3.460 lr: 0.000997
Saved checkpoint to saved_models/adam_pass_4/model.pt
[2/30,    51/938] avg train loss: 3.272 avg val loss: 3.434 lr: 0.000997
Saved checkpoint to saved_models/adam_pass_4/model.pt
[2/30,   101/938] avg train loss: 3.274 avg val loss: 3.431 lr: 0.000997
Saved checkpoint to saved_models/adam_pass_4/model.pt
[2/30,   151/938] avg train loss: 3.291 avg val loss: 3.402 lr: 0.000997
Saved checkpoint to saved_models/adam_pass_4/model.pt
[2/30,   201/938] avg train loss: 3.285 avg val loss: 3.389 lr: 0.000997
Saved checkpoint to saved_models/adam_pass_4/model.pt
[2/30,   251/938] avg train loss: 3.285 avg val loss: 3.388 lr: 0.000997
Saved checkpoint to saved_models/adam_pass_4/model.pt
[2/30,   301/938] avg train loss: 3.226 avg val loss: 3.370 lr: 0.000997
Saved checkpoint to saved_models/adam_pass_4/model.pt
[2/30,   351/938] avg train loss: 3.249 avg val loss: 3.358 lr: 0.000997
Saved checkpoint to saved_models/adam_pass_4/model.pt
[2/30,   401/938] avg train loss: 3.213 avg val loss: 3.351 lr: 0.000997
Saved checkpoint to saved_models/adam_pass_4/model.pt
[2/30,   451/938] avg train loss: 3.196 avg val loss: 3.328 lr: 0.000997
[2/30,   501/938] avg train loss: 3.214 avg val loss: 3.335 lr: 0.000997
Saved checkpoint to saved_models/adam_pass_4/model.pt
[2/30,   551/938] avg train loss: 3.196 avg val loss: 3.305 lr: 0.000997
[2/30,   601/938] avg train loss: 3.181 avg val loss: 3.317 lr: 0.000997
Saved checkpoint to saved_models/adam_pass_4/model.pt
[2/30,   651/938] avg train loss: 3.243 avg val loss: 3.299 lr: 0.000997
Saved checkpoint to saved_models/adam_pass_4/model.pt
[2/30,   701/938] avg train loss: 3.187 avg val loss: 3.296 lr: 0.000997
Saved checkpoint to saved_models/adam_pass_4/model.pt
[2/30,   751/938] avg train loss: 3.163 avg val loss: 3.291 lr: 0.000997
[2/30,   801/938] avg train loss: 3.259 avg val loss: 3.303 lr: 0.000997
Saved checkpoint to saved_models/adam_pass_4/model.pt
[2/30,   851/938] avg train loss: 3.192 avg val loss: 3.264 lr: 0.000997
[2/30,   901/938] avg train loss: 3.183 avg val loss: 3.280 lr: 0.000997
[2/30,   938/938] avg train loss: 3.222 avg val loss: 3.274 lr: 0.000997
[3/30,     1/938] avg train loss: 3.068 avg val loss: 3.282 lr: 0.000990
Saved checkpoint to saved_models/adam_pass_4/model.pt
[3/30,    51/938] avg train loss: 3.024 avg val loss: 3.247 lr: 0.000990
[3/30,   101/938] avg train loss: 3.112 avg val loss: 3.260 lr: 0.000990
[3/30,   151/938] avg train loss: 3.016 avg val loss: 3.252 lr: 0.000990
Saved checkpoint to saved_models/adam_pass_4/model.pt
[3/30,   201/938] avg train loss: 3.087 avg val loss: 3.243 lr: 0.000990
Saved checkpoint to saved_models/adam_pass_4/model.pt
[3/30,   251/938] avg train loss: 3.012 avg val loss: 3.230 lr: 0.000990
Saved checkpoint to saved_models/adam_pass_4/model.pt
[3/30,   301/938] avg train loss: 3.067 avg val loss: 3.224 lr: 0.000990
[3/30,   351/938] avg train loss: 3.052 avg val loss: 3.251 lr: 0.000990
Saved checkpoint to saved_models/adam_pass_4/model.pt
[3/30,   401/938] avg train loss: 3.091 avg val loss: 3.214 lr: 0.000990
[3/30,   451/938] avg train loss: 3.096 avg val loss: 3.241 lr: 0.000990
[3/30,   501/938] avg train loss: 3.082 avg val loss: 3.218 lr: 0.000990
Saved checkpoint to saved_models/adam_pass_4/model.pt
[3/30,   551/938] avg train loss: 3.020 avg val loss: 3.211 lr: 0.000990
[3/30,   601/938] avg train loss: 3.045 avg val loss: 3.234 lr: 0.000990
Saved checkpoint to saved_models/adam_pass_4/model.pt
[3/30,   651/938] avg train loss: 3.061 avg val loss: 3.193 lr: 0.000990
[3/30,   701/938] avg train loss: 3.096 avg val loss: 3.195 lr: 0.000990
Saved checkpoint to saved_models/adam_pass_4/model.pt
[3/30,   751/938] avg train loss: 3.020 avg val loss: 3.190 lr: 0.000990
Saved checkpoint to saved_models/adam_pass_4/model.pt
[3/30,   801/938] avg train loss: 3.057 avg val loss: 3.178 lr: 0.000990
Saved checkpoint to saved_models/adam_pass_4/model.pt
[3/30,   851/938] avg train loss: 3.049 avg val loss: 3.176 lr: 0.000990
[3/30,   901/938] avg train loss: 3.017 avg val loss: 3.180 lr: 0.000990
Saved checkpoint to saved_models/adam_pass_4/model.pt
[3/30,   938/938] avg train loss: 3.099 avg val loss: 3.172 lr: 0.000990
Saved checkpoint to saved_models/adam_pass_4/model.pt
[4/30,     1/938] avg train loss: 2.785 avg val loss: 3.171 lr: 0.000977
[4/30,    51/938] avg train loss: 2.879 avg val loss: 3.193 lr: 0.000977
[4/30,   101/938] avg train loss: 2.897 avg val loss: 3.184 lr: 0.000977
Saved checkpoint to saved_models/adam_pass_4/model.pt
[4/30,   151/938] avg train loss: 2.911 avg val loss: 3.170 lr: 0.000977
Saved checkpoint to saved_models/adam_pass_4/model.pt
[4/30,   201/938] avg train loss: 2.958 avg val loss: 3.161 lr: 0.000977
[4/30,   251/938] avg train loss: 2.996 avg val loss: 3.173 lr: 0.000977
[4/30,   301/938] avg train loss: 2.930 avg val loss: 3.174 lr: 0.000977
Saved checkpoint to saved_models/adam_pass_4/model.pt
[4/30,   351/938] avg train loss: 2.942 avg val loss: 3.160 lr: 0.000977
[4/30,   401/938] avg train loss: 2.913 avg val loss: 3.176 lr: 0.000977
[4/30,   451/938] avg train loss: 2.966 avg val loss: 3.160 lr: 0.000977
Saved checkpoint to saved_models/adam_pass_4/model.pt
[4/30,   501/938] avg train loss: 3.005 avg val loss: 3.147 lr: 0.000977
[4/30,   551/938] avg train loss: 3.003 avg val loss: 3.154 lr: 0.000977
[4/30,   601/938] avg train loss: 2.957 avg val loss: 3.150 lr: 0.000977
[4/30,   651/938] avg train loss: 2.947 avg val loss: 3.152 lr: 0.000977
[4/30,   701/938] avg train loss: 3.006 avg val loss: 3.151 lr: 0.000977
[4/30,   751/938] avg train loss: 3.000 avg val loss: 3.153 lr: 0.000977
Saved checkpoint to saved_models/adam_pass_4/model.pt
[4/30,   801/938] avg train loss: 2.964 avg val loss: 3.141 lr: 0.000977
Saved checkpoint to saved_models/adam_pass_4/model.pt
[4/30,   851/938] avg train loss: 2.979 avg val loss: 3.131 lr: 0.000977
Saved checkpoint to saved_models/adam_pass_4/model.pt
[4/30,   901/938] avg train loss: 2.989 avg val loss: 3.125 lr: 0.000977
[4/30,   938/938] avg train loss: 2.991 avg val loss: 3.125 lr: 0.000977
Saved checkpoint to saved_models/adam_pass_4/model.pt
[5/30,     1/938] avg train loss: 2.716 avg val loss: 3.125 lr: 0.000959
Saved checkpoint to saved_models/adam_pass_4/model.pt
[5/30,    51/938] avg train loss: 2.827 avg val loss: 3.115 lr: 0.000959
[5/30,   101/938] avg train loss: 2.845 avg val loss: 3.127 lr: 0.000959
[5/30,   151/938] avg train loss: 2.843 avg val loss: 3.121 lr: 0.000959
[5/30,   201/938] avg train loss: 2.848 avg val loss: 3.122 lr: 0.000959
[5/30,   251/938] avg train loss: 2.845 avg val loss: 3.121 lr: 0.000959
[5/30,   301/938] avg train loss: 2.875 avg val loss: 3.119 lr: 0.000959
[5/30,   351/938] avg train loss: 2.887 avg val loss: 3.115 lr: 0.000959
[5/30,   401/938] avg train loss: 2.917 avg val loss: 3.121 lr: 0.000959
[5/30,   451/938] avg train loss: 2.863 avg val loss: 3.121 lr: 0.000959
Saved checkpoint to saved_models/adam_pass_4/model.pt
[5/30,   501/938] avg train loss: 2.877 avg val loss: 3.114 lr: 0.000959
Saved checkpoint to saved_models/adam_pass_4/model.pt
[5/30,   551/938] avg train loss: 2.881 avg val loss: 3.103 lr: 0.000959
[5/30,   601/938] avg train loss: 2.921 avg val loss: 3.112 lr: 0.000959
[5/30,   651/938] avg train loss: 2.933 avg val loss: 3.109 lr: 0.000959
[5/30,   701/938] avg train loss: 2.888 avg val loss: 3.108 lr: 0.000959
Saved checkpoint to saved_models/adam_pass_4/model.pt
[5/30,   751/938] avg train loss: 2.955 avg val loss: 3.100 lr: 0.000959
[5/30,   801/938] avg train loss: 2.888 avg val loss: 3.106 lr: 0.000959
[5/30,   851/938] avg train loss: 2.955 avg val loss: 3.110 lr: 0.000959
[5/30,   901/938] avg train loss: 2.913 avg val loss: 3.105 lr: 0.000959
[5/30,   938/938] avg train loss: 2.873 avg val loss: 3.104 lr: 0.000959
[6/30,     1/938] avg train loss: 2.833 avg val loss: 3.105 lr: 0.000937
Saved checkpoint to saved_models/adam_pass_4/model.pt
[6/30,    51/938] avg train loss: 2.787 avg val loss: 3.092 lr: 0.000937
[6/30,   101/938] avg train loss: 2.771 avg val loss: 3.102 lr: 0.000937
[6/30,   151/938] avg train loss: 2.795 avg val loss: 3.097 lr: 0.000937
[6/30,   201/938] avg train loss: 2.804 avg val loss: 3.106 lr: 0.000937
[6/30,   251/938] avg train loss: 2.828 avg val loss: 3.107 lr: 0.000937
[6/30,   301/938] avg train loss: 2.789 avg val loss: 3.108 lr: 0.000937
[6/30,   351/938] avg train loss: 2.846 avg val loss: 3.101 lr: 0.000937
[6/30,   401/938] avg train loss: 2.815 avg val loss: 3.102 lr: 0.000937
[6/30,   451/938] avg train loss: 2.842 avg val loss: 3.099 lr: 0.000937
Saved checkpoint to saved_models/adam_pass_4/model.pt
[6/30,   501/938] avg train loss: 2.834 avg val loss: 3.091 lr: 0.000937
Saved checkpoint to saved_models/adam_pass_4/model.pt
[6/30,   551/938] avg train loss: 2.824 avg val loss: 3.082 lr: 0.000937
[6/30,   601/938] avg train loss: 2.869 avg val loss: 3.088 lr: 0.000937
Saved checkpoint to saved_models/adam_pass_4/model.pt
[6/30,   651/938] avg train loss: 2.854 avg val loss: 3.081 lr: 0.000937
Saved checkpoint to saved_models/adam_pass_4/model.pt
[6/30,   701/938] avg train loss: 2.841 avg val loss: 3.078 lr: 0.000937
Saved checkpoint to saved_models/adam_pass_4/model.pt
[6/30,   751/938] avg train loss: 2.891 avg val loss: 3.076 lr: 0.000937
[6/30,   801/938] avg train loss: 2.852 avg val loss: 3.077 lr: 0.000937
Saved checkpoint to saved_models/adam_pass_4/model.pt
[6/30,   851/938] avg train loss: 2.885 avg val loss: 3.076 lr: 0.000937
[6/30,   901/938] avg train loss: 2.817 avg val loss: 3.081 lr: 0.000937
Saved checkpoint to saved_models/adam_pass_4/model.pt
[6/30,   938/938] avg train loss: 2.860 avg val loss: 3.068 lr: 0.000937
Saved checkpoint to saved_models/adam_pass_4/model.pt
[7/30,     1/938] avg train loss: 2.770 avg val loss: 3.067 lr: 0.000910
[7/30,    51/938] avg train loss: 2.702 avg val loss: 3.080 lr: 0.000910
[7/30,   101/938] avg train loss: 2.707 avg val loss: 3.089 lr: 0.000910
[7/30,   151/938] avg train loss: 2.731 avg val loss: 3.076 lr: 0.000910
[7/30,   201/938] avg train loss: 2.716 avg val loss: 3.074 lr: 0.000910
Saved checkpoint to saved_models/adam_pass_4/model.pt
[7/30,   251/938] avg train loss: 2.775 avg val loss: 3.067 lr: 0.000910
[7/30,   301/938] avg train loss: 2.759 avg val loss: 3.081 lr: 0.000910
[7/30,   351/938] avg train loss: 2.750 avg val loss: 3.079 lr: 0.000910
[7/30,   401/938] avg train loss: 2.754 avg val loss: 3.067 lr: 0.000910
[7/30,   451/938] avg train loss: 2.772 avg val loss: 3.073 lr: 0.000910
Saved checkpoint to saved_models/adam_pass_4/model.pt
[7/30,   501/938] avg train loss: 2.806 avg val loss: 3.063 lr: 0.000910
[7/30,   551/938] avg train loss: 2.840 avg val loss: 3.069 lr: 0.000910
[7/30,   601/938] avg train loss: 2.789 avg val loss: 3.076 lr: 0.000910
[7/30,   651/938] avg train loss: 2.777 avg val loss: 3.064 lr: 0.000910
[7/30,   701/938] avg train loss: 2.817 avg val loss: 3.064 lr: 0.000910
Saved checkpoint to saved_models/adam_pass_4/model.pt
[7/30,   751/938] avg train loss: 2.774 avg val loss: 3.056 lr: 0.000910
Saved checkpoint to saved_models/adam_pass_4/model.pt
[7/30,   801/938] avg train loss: 2.871 avg val loss: 3.055 lr: 0.000910
Saved checkpoint to saved_models/adam_pass_4/model.pt
[7/30,   851/938] avg train loss: 2.836 avg val loss: 3.051 lr: 0.000910
[7/30,   901/938] avg train loss: 2.824 avg val loss: 3.063 lr: 0.000910
Saved checkpoint to saved_models/adam_pass_4/model.pt
[7/30,   938/938] avg train loss: 2.866 avg val loss: 3.046 lr: 0.000910
[8/30,     1/938] avg train loss: 2.664 avg val loss: 3.047 lr: 0.000879
[8/30,    51/938] avg train loss: 2.678 avg val loss: 3.062 lr: 0.000879
[8/30,   101/938] avg train loss: 2.671 avg val loss: 3.057 lr: 0.000879
[8/30,   151/938] avg train loss: 2.670 avg val loss: 3.060 lr: 0.000879
[8/30,   201/938] avg train loss: 2.718 avg val loss: 3.067 lr: 0.000879
[8/30,   251/938] avg train loss: 2.746 avg val loss: 3.054 lr: 0.000879
[8/30,   301/938] avg train loss: 2.743 avg val loss: 3.069 lr: 0.000879
[8/30,   351/938] avg train loss: 2.727 avg val loss: 3.055 lr: 0.000879
[8/30,   401/938] avg train loss: 2.698 avg val loss: 3.053 lr: 0.000879
[8/30,   451/938] avg train loss: 2.743 avg val loss: 3.047 lr: 0.000879
Saved checkpoint to saved_models/adam_pass_4/model.pt
[8/30,   501/938] avg train loss: 2.718 avg val loss: 3.037 lr: 0.000879
[8/30,   551/938] avg train loss: 2.773 avg val loss: 3.050 lr: 0.000879
[8/30,   601/938] avg train loss: 2.740 avg val loss: 3.045 lr: 0.000879
[8/30,   651/938] avg train loss: 2.767 avg val loss: 3.039 lr: 0.000879
[8/30,   701/938] avg train loss: 2.768 avg val loss: 3.041 lr: 0.000879
[8/30,   751/938] avg train loss: 2.743 avg val loss: 3.042 lr: 0.000879
Saved checkpoint to saved_models/adam_pass_4/model.pt
[8/30,   801/938] avg train loss: 2.821 avg val loss: 3.035 lr: 0.000879
[8/30,   851/938] avg train loss: 2.759 avg val loss: 3.037 lr: 0.000879
Saved checkpoint to saved_models/adam_pass_4/model.pt
[8/30,   901/938] avg train loss: 2.792 avg val loss: 3.032 lr: 0.000879
[8/30,   938/938] avg train loss: 2.752 avg val loss: 3.037 lr: 0.000879
[9/30,     1/938] avg train loss: 2.641 avg val loss: 3.041 lr: 0.000844
[9/30,    51/938] avg train loss: 2.618 avg val loss: 3.043 lr: 0.000844
[9/30,   101/938] avg train loss: 2.663 avg val loss: 3.034 lr: 0.000844
[9/30,   151/938] avg train loss: 2.583 avg val loss: 3.050 lr: 0.000844
[9/30,   201/938] avg train loss: 2.674 avg val loss: 3.055 lr: 0.000844
[9/30,   251/938] avg train loss: 2.657 avg val loss: 3.044 lr: 0.000844
[9/30,   301/938] avg train loss: 2.684 avg val loss: 3.058 lr: 0.000844
[9/30,   351/938] avg train loss: 2.701 avg val loss: 3.039 lr: 0.000844
[9/30,   401/938] avg train loss: 2.735 avg val loss: 3.047 lr: 0.000844
[9/30,   451/938] avg train loss: 2.716 avg val loss: 3.045 lr: 0.000844
Saved checkpoint to saved_models/adam_pass_4/model.pt
[9/30,   501/938] avg train loss: 2.716 avg val loss: 3.031 lr: 0.000844
[9/30,   551/938] avg train loss: 2.711 avg val loss: 3.033 lr: 0.000844
[9/30,   601/938] avg train loss: 2.705 avg val loss: 3.040 lr: 0.000844
[9/30,   651/938] avg train loss: 2.745 avg val loss: 3.032 lr: 0.000844
Saved checkpoint to saved_models/adam_pass_4/model.pt
[9/30,   701/938] avg train loss: 2.741 avg val loss: 3.024 lr: 0.000844
[9/30,   751/938] avg train loss: 2.709 avg val loss: 3.027 lr: 0.000844
[9/30,   801/938] avg train loss: 2.757 avg val loss: 3.035 lr: 0.000844
[9/30,   851/938] avg train loss: 2.735 avg val loss: 3.034 lr: 0.000844
[9/30,   901/938] avg train loss: 2.744 avg val loss: 3.035 lr: 0.000844
[9/30,   938/938] avg train loss: 2.778 avg val loss: 3.024 lr: 0.000844
[10/30,     1/938] avg train loss: 2.771 avg val loss: 3.026 lr: 0.000806
[10/30,    51/938] avg train loss: 2.605 avg val loss: 3.029 lr: 0.000806
[10/30,   101/938] avg train loss: 2.609 avg val loss: 3.032 lr: 0.000806
[10/30,   151/938] avg train loss: 2.596 avg val loss: 3.030 lr: 0.000806
[10/30,   201/938] avg train loss: 2.657 avg val loss: 3.029 lr: 0.000806
[10/30,   251/938] avg train loss: 2.593 avg val loss: 3.031 lr: 0.000806
Saved checkpoint to saved_models/adam_pass_4/model.pt
[10/30,   301/938] avg train loss: 2.647 avg val loss: 3.023 lr: 0.000806
[10/30,   351/938] avg train loss: 2.648 avg val loss: 3.029 lr: 0.000806
[10/30,   401/938] avg train loss: 2.635 avg val loss: 3.032 lr: 0.000806
[10/30,   451/938] avg train loss: 2.677 avg val loss: 3.039 lr: 0.000806
Saved checkpoint to saved_models/adam_pass_4/model.pt
[10/30,   501/938] avg train loss: 2.686 avg val loss: 3.023 lr: 0.000806
Saved checkpoint to saved_models/adam_pass_4/model.pt
[10/30,   551/938] avg train loss: 2.696 avg val loss: 3.019 lr: 0.000806
Saved checkpoint to saved_models/adam_pass_4/model.pt
[10/30,   601/938] avg train loss: 2.640 avg val loss: 3.016 lr: 0.000806
[10/30,   651/938] avg train loss: 2.689 avg val loss: 3.017 lr: 0.000806
[10/30,   701/938] avg train loss: 2.693 avg val loss: 3.019 lr: 0.000806
[10/30,   751/938] avg train loss: 2.703 avg val loss: 3.017 lr: 0.000806
[10/30,   801/938] avg train loss: 2.699 avg val loss: 3.016 lr: 0.000806
Saved checkpoint to saved_models/adam_pass_4/model.pt
[10/30,   851/938] avg train loss: 2.717 avg val loss: 3.013 lr: 0.000806
[10/30,   901/938] avg train loss: 2.701 avg val loss: 3.024 lr: 0.000806
[10/30,   938/938] avg train loss: 2.705 avg val loss: 3.018 lr: 0.000806
[11/30,     1/938] avg train loss: 2.551 avg val loss: 3.018 lr: 0.000764
[11/30,    51/938] avg train loss: 2.518 avg val loss: 3.016 lr: 0.000764
[11/30,   101/938] avg train loss: 2.569 avg val loss: 3.013 lr: 0.000764
[11/30,   151/938] avg train loss: 2.556 avg val loss: 3.023 lr: 0.000764
[11/30,   201/938] avg train loss: 2.566 avg val loss: 3.024 lr: 0.000764
[11/30,   251/938] avg train loss: 2.599 avg val loss: 3.020 lr: 0.000764
[11/30,   301/938] avg train loss: 2.585 avg val loss: 3.020 lr: 0.000764
[11/30,   351/938] avg train loss: 2.596 avg val loss: 3.019 lr: 0.000764
[11/30,   401/938] avg train loss: 2.598 avg val loss: 3.023 lr: 0.000764
[11/30,   451/938] avg train loss: 2.628 avg val loss: 3.016 lr: 0.000764
[11/30,   501/938] avg train loss: 2.671 avg val loss: 3.017 lr: 0.000764
[11/30,   551/938] avg train loss: 2.659 avg val loss: 3.015 lr: 0.000764
[11/30,   601/938] avg train loss: 2.671 avg val loss: 3.017 lr: 0.000764
[11/30,   651/938] avg train loss: 2.677 avg val loss: 3.022 lr: 0.000764
[11/30,   701/938] avg train loss: 2.685 avg val loss: 3.015 lr: 0.000764
Saved checkpoint to saved_models/adam_pass_4/model.pt
[11/30,   751/938] avg train loss: 2.675 avg val loss: 3.007 lr: 0.000764
[11/30,   801/938] avg train loss: 2.637 avg val loss: 3.007 lr: 0.000764
Saved checkpoint to saved_models/adam_pass_4/model.pt
[11/30,   851/938] avg train loss: 2.668 avg val loss: 3.003 lr: 0.000764
[11/30,   901/938] avg train loss: 2.668 avg val loss: 3.019 lr: 0.000764
[11/30,   938/938] avg train loss: 2.722 avg val loss: 3.014 lr: 0.000764
[12/30,     1/938] avg train loss: 2.235 avg val loss: 3.011 lr: 0.000720
[12/30,    51/938] avg train loss: 2.507 avg val loss: 3.025 lr: 0.000720
[12/30,   101/938] avg train loss: 2.513 avg val loss: 3.020 lr: 0.000720
[12/30,   151/938] avg train loss: 2.491 avg val loss: 3.015 lr: 0.000720
[12/30,   201/938] avg train loss: 2.569 avg val loss: 3.012 lr: 0.000720
[12/30,   251/938] avg train loss: 2.567 avg val loss: 3.006 lr: 0.000720
[12/30,   301/938] avg train loss: 2.587 avg val loss: 3.011 lr: 0.000720
[12/30,   351/938] avg train loss: 2.568 avg val loss: 3.007 lr: 0.000720
Saved checkpoint to saved_models/adam_pass_4/model.pt
[12/30,   401/938] avg train loss: 2.590 avg val loss: 3.003 lr: 0.000720
[12/30,   451/938] avg train loss: 2.594 avg val loss: 3.006 lr: 0.000720
Saved checkpoint to saved_models/adam_pass_4/model.pt
[12/30,   501/938] avg train loss: 2.618 avg val loss: 3.003 lr: 0.000720
[12/30,   551/938] avg train loss: 2.610 avg val loss: 3.004 lr: 0.000720
[12/30,   601/938] avg train loss: 2.609 avg val loss: 3.024 lr: 0.000720
[12/30,   651/938] avg train loss: 2.607 avg val loss: 3.005 lr: 0.000720
[12/30,   701/938] avg train loss: 2.647 avg val loss: 3.008 lr: 0.000720
Saved checkpoint to saved_models/adam_pass_4/model.pt
[12/30,   751/938] avg train loss: 2.620 avg val loss: 2.998 lr: 0.000720
[12/30,   801/938] avg train loss: 2.619 avg val loss: 3.001 lr: 0.000720
[12/30,   851/938] avg train loss: 2.679 avg val loss: 2.999 lr: 0.000720
[12/30,   901/938] avg train loss: 2.660 avg val loss: 2.999 lr: 0.000720
Saved checkpoint to saved_models/adam_pass_4/model.pt
[12/30,   938/938] avg train loss: 2.636 avg val loss: 2.996 lr: 0.000720
Saved checkpoint to saved_models/adam_pass_4/model.pt
[13/30,     1/938] avg train loss: 2.476 avg val loss: 2.996 lr: 0.000674
[13/30,    51/938] avg train loss: 2.492 avg val loss: 3.002 lr: 0.000674
[13/30,   101/938] avg train loss: 2.444 avg val loss: 3.005 lr: 0.000674
[13/30,   151/938] avg train loss: 2.486 avg val loss: 3.001 lr: 0.000674
[13/30,   201/938] avg train loss: 2.534 avg val loss: 3.007 lr: 0.000674
[13/30,   251/938] avg train loss: 2.571 avg val loss: 3.000 lr: 0.000674
[13/30,   301/938] avg train loss: 2.524 avg val loss: 3.008 lr: 0.000674
Saved checkpoint to saved_models/adam_pass_4/model.pt
[13/30,   351/938] avg train loss: 2.565 avg val loss: 2.995 lr: 0.000674
[13/30,   401/938] avg train loss: 2.544 avg val loss: 3.001 lr: 0.000674
[13/30,   451/938] avg train loss: 2.534 avg val loss: 3.012 lr: 0.000674
[13/30,   501/938] avg train loss: 2.606 avg val loss: 3.005 lr: 0.000674
[13/30,   551/938] avg train loss: 2.571 avg val loss: 2.999 lr: 0.000674
[13/30,   601/938] avg train loss: 2.587 avg val loss: 2.999 lr: 0.000674
[13/30,   651/938] avg train loss: 2.552 avg val loss: 3.004 lr: 0.000674
Saved checkpoint to saved_models/adam_pass_4/model.pt
[13/30,   701/938] avg train loss: 2.543 avg val loss: 2.994 lr: 0.000674
[13/30,   751/938] avg train loss: 2.634 avg val loss: 3.004 lr: 0.000674
Saved checkpoint to saved_models/adam_pass_4/model.pt
[13/30,   801/938] avg train loss: 2.588 avg val loss: 2.990 lr: 0.000674
[13/30,   851/938] avg train loss: 2.617 avg val loss: 2.991 lr: 0.000674
[13/30,   901/938] avg train loss: 2.598 avg val loss: 2.995 lr: 0.000674
Saved checkpoint to saved_models/adam_pass_4/model.pt
[13/30,   938/938] avg train loss: 2.622 avg val loss: 2.983 lr: 0.000674
Saved checkpoint to saved_models/adam_pass_4/model.pt
[14/30,     1/938] avg train loss: 2.285 avg val loss: 2.983 lr: 0.000625
[14/30,    51/938] avg train loss: 2.420 avg val loss: 2.987 lr: 0.000625
[14/30,   101/938] avg train loss: 2.424 avg val loss: 2.990 lr: 0.000625
[14/30,   151/938] avg train loss: 2.447 avg val loss: 2.993 lr: 0.000625
[14/30,   201/938] avg train loss: 2.498 avg val loss: 2.998 lr: 0.000625
[14/30,   251/938] avg train loss: 2.489 avg val loss: 2.998 lr: 0.000625
[14/30,   301/938] avg train loss: 2.495 avg val loss: 3.002 lr: 0.000625
[14/30,   351/938] avg train loss: 2.542 avg val loss: 2.995 lr: 0.000625
[14/30,   401/938] avg train loss: 2.535 avg val loss: 2.993 lr: 0.000625
[14/30,   451/938] avg train loss: 2.540 avg val loss: 3.004 lr: 0.000625
[14/30,   501/938] avg train loss: 2.530 avg val loss: 3.002 lr: 0.000625
[14/30,   551/938] avg train loss: 2.541 avg val loss: 3.005 lr: 0.000625
[14/30,   601/938] avg train loss: 2.578 avg val loss: 3.003 lr: 0.000625
[14/30,   651/938] avg train loss: 2.554 avg val loss: 3.003 lr: 0.000625
[14/30,   701/938] avg train loss: 2.530 avg val loss: 3.003 lr: 0.000625
[14/30,   751/938] avg train loss: 2.556 avg val loss: 2.999 lr: 0.000625
[14/30,   801/938] avg train loss: 2.533 avg val loss: 2.992 lr: 0.000625
[14/30,   851/938] avg train loss: 2.549 avg val loss: 2.998 lr: 0.000625
[14/30,   901/938] avg train loss: 2.562 avg val loss: 2.989 lr: 0.000625
[14/30,   938/938] avg train loss: 2.605 avg val loss: 2.990 lr: 0.000625
[15/30,     1/938] avg train loss: 2.505 avg val loss: 2.990 lr: 0.000576
[15/30,    51/938] avg train loss: 2.394 avg val loss: 2.990 lr: 0.000576
[15/30,   101/938] avg train loss: 2.428 avg val loss: 2.995 lr: 0.000576
[15/30,   151/938] avg train loss: 2.443 avg val loss: 2.989 lr: 0.000576
[15/30,   201/938] avg train loss: 2.450 avg val loss: 2.995 lr: 0.000576
[15/30,   251/938] avg train loss: 2.445 avg val loss: 2.996 lr: 0.000576
[15/30,   301/938] avg train loss: 2.464 avg val loss: 2.992 lr: 0.000576
[15/30,   351/938] avg train loss: 2.447 avg val loss: 2.992 lr: 0.000576
[15/30,   401/938] avg train loss: 2.472 avg val loss: 2.992 lr: 0.000576
[15/30,   451/938] avg train loss: 2.492 avg val loss: 2.984 lr: 0.000576
[15/30,   501/938] avg train loss: 2.491 avg val loss: 2.995 lr: 0.000576
Saved checkpoint to saved_models/adam_pass_4/model.pt
[15/30,   551/938] avg train loss: 2.498 avg val loss: 2.982 lr: 0.000576
[15/30,   601/938] avg train loss: 2.487 avg val loss: 2.991 lr: 0.000576
[15/30,   651/938] avg train loss: 2.581 avg val loss: 2.983 lr: 0.000576
Saved checkpoint to saved_models/adam_pass_4/model.pt
[15/30,   701/938] avg train loss: 2.526 avg val loss: 2.979 lr: 0.000576
[15/30,   751/938] avg train loss: 2.510 avg val loss: 2.986 lr: 0.000576
[15/30,   801/938] avg train loss: 2.539 avg val loss: 2.991 lr: 0.000576
Saved checkpoint to saved_models/adam_pass_4/model.pt
[15/30,   851/938] avg train loss: 2.548 avg val loss: 2.976 lr: 0.000576
[15/30,   901/938] avg train loss: 2.540 avg val loss: 2.978 lr: 0.000576
Saved checkpoint to saved_models/adam_pass_4/model.pt
[15/30,   938/938] avg train loss: 2.507 avg val loss: 2.971 lr: 0.000576
[16/30,     1/938] avg train loss: 2.078 avg val loss: 2.974 lr: 0.000525
[16/30,    51/938] avg train loss: 2.356 avg val loss: 2.983 lr: 0.000525
[16/30,   101/938] avg train loss: 2.401 avg val loss: 2.981 lr: 0.000525
[16/30,   151/938] avg train loss: 2.395 avg val loss: 2.986 lr: 0.000525
[16/30,   201/938] avg train loss: 2.385 avg val loss: 2.985 lr: 0.000525
[16/30,   251/938] avg train loss: 2.433 avg val loss: 2.991 lr: 0.000525
[16/30,   301/938] avg train loss: 2.438 avg val loss: 2.984 lr: 0.000525
[16/30,   351/938] avg train loss: 2.425 avg val loss: 2.985 lr: 0.000525
[16/30,   401/938] avg train loss: 2.435 avg val loss: 2.984 lr: 0.000525
[16/30,   451/938] avg train loss: 2.439 avg val loss: 2.985 lr: 0.000525
[16/30,   501/938] avg train loss: 2.437 avg val loss: 2.982 lr: 0.000525
[16/30,   551/938] avg train loss: 2.491 avg val loss: 2.979 lr: 0.000525
[16/30,   601/938] avg train loss: 2.490 avg val loss: 2.981 lr: 0.000525
[16/30,   651/938] avg train loss: 2.479 avg val loss: 2.982 lr: 0.000525
[16/30,   701/938] avg train loss: 2.485 avg val loss: 2.974 lr: 0.000525
[16/30,   751/938] avg train loss: 2.498 avg val loss: 2.978 lr: 0.000525
[16/30,   801/938] avg train loss: 2.486 avg val loss: 2.985 lr: 0.000525
[16/30,   851/938] avg train loss: 2.454 avg val loss: 2.980 lr: 0.000525
[16/30,   901/938] avg train loss: 2.538 avg val loss: 2.984 lr: 0.000525
[16/30,   938/938] avg train loss: 2.532 avg val loss: 2.973 lr: 0.000525
[17/30,     1/938] avg train loss: 2.329 avg val loss: 2.974 lr: 0.000475
[17/30,    51/938] avg train loss: 2.331 avg val loss: 2.977 lr: 0.000475
[17/30,   101/938] avg train loss: 2.348 avg val loss: 2.984 lr: 0.000475
[17/30,   151/938] avg train loss: 2.331 avg val loss: 2.979 lr: 0.000475
[17/30,   201/938] avg train loss: 2.380 avg val loss: 2.982 lr: 0.000475
[17/30,   251/938] avg train loss: 2.387 avg val loss: 2.986 lr: 0.000475
[17/30,   301/938] avg train loss: 2.405 avg val loss: 2.986 lr: 0.000475
[17/30,   351/938] avg train loss: 2.385 avg val loss: 2.978 lr: 0.000475
[17/30,   401/938] avg train loss: 2.434 avg val loss: 2.985 lr: 0.000475
[17/30,   451/938] avg train loss: 2.418 avg val loss: 2.977 lr: 0.000475
[17/30,   501/938] avg train loss: 2.409 avg val loss: 2.977 lr: 0.000475
[17/30,   551/938] avg train loss: 2.427 avg val loss: 2.981 lr: 0.000475
[17/30,   601/938] avg train loss: 2.440 avg val loss: 2.980 lr: 0.000475
[17/30,   651/938] avg train loss: 2.477 avg val loss: 2.980 lr: 0.000475
[17/30,   701/938] avg train loss: 2.489 avg val loss: 2.979 lr: 0.000475
Saved checkpoint to saved_models/adam_pass_4/model.pt
[17/30,   751/938] avg train loss: 2.421 avg val loss: 2.971 lr: 0.000475
[17/30,   801/938] avg train loss: 2.412 avg val loss: 2.976 lr: 0.000475
[17/30,   851/938] avg train loss: 2.481 avg val loss: 2.972 lr: 0.000475
[17/30,   901/938] avg train loss: 2.464 avg val loss: 2.975 lr: 0.000475
Saved checkpoint to saved_models/adam_pass_4/model.pt
[17/30,   938/938] avg train loss: 2.460 avg val loss: 2.971 lr: 0.000475
Saved checkpoint to saved_models/adam_pass_4/model.pt
[18/30,     1/938] avg train loss: 2.182 avg val loss: 2.970 lr: 0.000424
Saved checkpoint to saved_models/adam_pass_4/model.pt
[18/30,    51/938] avg train loss: 2.310 avg val loss: 2.968 lr: 0.000424
[18/30,   101/938] avg train loss: 2.316 avg val loss: 2.973 lr: 0.000424
[18/30,   151/938] avg train loss: 2.326 avg val loss: 2.976 lr: 0.000424
[18/30,   201/938] avg train loss: 2.368 avg val loss: 2.976 lr: 0.000424
[18/30,   251/938] avg train loss: 2.372 avg val loss: 2.974 lr: 0.000424
[18/30,   301/938] avg train loss: 2.354 avg val loss: 2.976 lr: 0.000424
[18/30,   351/938] avg train loss: 2.354 avg val loss: 2.975 lr: 0.000424
[18/30,   401/938] avg train loss: 2.384 avg val loss: 2.973 lr: 0.000424
[18/30,   451/938] avg train loss: 2.389 avg val loss: 2.976 lr: 0.000424
[18/30,   501/938] avg train loss: 2.367 avg val loss: 2.984 lr: 0.000424
[18/30,   551/938] avg train loss: 2.396 avg val loss: 2.975 lr: 0.000424
[18/30,   601/938] avg train loss: 2.364 avg val loss: 2.975 lr: 0.000424
[18/30,   651/938] avg train loss: 2.372 avg val loss: 2.974 lr: 0.000424
[18/30,   701/938] avg train loss: 2.448 avg val loss: 2.984 lr: 0.000424
[18/30,   751/938] avg train loss: 2.415 avg val loss: 2.977 lr: 0.000424
[18/30,   801/938] avg train loss: 2.427 avg val loss: 2.971 lr: 0.000424
[18/30,   851/938] avg train loss: 2.419 avg val loss: 2.971 lr: 0.000424
Saved checkpoint to saved_models/adam_pass_4/model.pt
[18/30,   901/938] avg train loss: 2.440 avg val loss: 2.967 lr: 0.000424
Saved checkpoint to saved_models/adam_pass_4/model.pt
[18/30,   938/938] avg train loss: 2.421 avg val loss: 2.965 lr: 0.000424
Saved checkpoint to saved_models/adam_pass_4/model.pt
[19/30,     1/938] avg train loss: 2.427 avg val loss: 2.963 lr: 0.000375
[19/30,    51/938] avg train loss: 2.254 avg val loss: 2.971 lr: 0.000375
[19/30,   101/938] avg train loss: 2.299 avg val loss: 2.970 lr: 0.000375
[19/30,   151/938] avg train loss: 2.320 avg val loss: 2.971 lr: 0.000375
[19/30,   201/938] avg train loss: 2.313 avg val loss: 2.975 lr: 0.000375
[19/30,   251/938] avg train loss: 2.291 avg val loss: 2.974 lr: 0.000375
[19/30,   301/938] avg train loss: 2.356 avg val loss: 2.975 lr: 0.000375
[19/30,   351/938] avg train loss: 2.331 avg val loss: 2.970 lr: 0.000375
[19/30,   401/938] avg train loss: 2.340 avg val loss: 2.968 lr: 0.000375
[19/30,   451/938] avg train loss: 2.351 avg val loss: 2.971 lr: 0.000375
[19/30,   501/938] avg train loss: 2.335 avg val loss: 2.972 lr: 0.000375
[19/30,   551/938] avg train loss: 2.371 avg val loss: 2.975 lr: 0.000375
[19/30,   601/938] avg train loss: 2.364 avg val loss: 2.972 lr: 0.000375
[19/30,   651/938] avg train loss: 2.329 avg val loss: 2.965 lr: 0.000375
[19/30,   701/938] avg train loss: 2.368 avg val loss: 2.973 lr: 0.000375
[19/30,   751/938] avg train loss: 2.379 avg val loss: 2.971 lr: 0.000375
[19/30,   801/938] avg train loss: 2.374 avg val loss: 2.967 lr: 0.000375
[19/30,   851/938] avg train loss: 2.381 avg val loss: 2.970 lr: 0.000375
[19/30,   901/938] avg train loss: 2.422 avg val loss: 2.968 lr: 0.000375
[19/30,   938/938] avg train loss: 2.388 avg val loss: 2.967 lr: 0.000375
[20/30,     1/938] avg train loss: 2.330 avg val loss: 2.968 lr: 0.000326
[20/30,    51/938] avg train loss: 2.196 avg val loss: 2.968 lr: 0.000326
[20/30,   101/938] avg train loss: 2.197 avg val loss: 2.972 lr: 0.000326
[20/30,   151/938] avg train loss: 2.283 avg val loss: 2.974 lr: 0.000326
[20/30,   201/938] avg train loss: 2.292 avg val loss: 2.973 lr: 0.000326
[20/30,   251/938] avg train loss: 2.279 avg val loss: 2.972 lr: 0.000326
[20/30,   301/938] avg train loss: 2.306 avg val loss: 2.970 lr: 0.000326
[20/30,   351/938] avg train loss: 2.305 avg val loss: 2.973 lr: 0.000326
[20/30,   401/938] avg train loss: 2.309 avg val loss: 2.975 lr: 0.000326
[20/30,   451/938] avg train loss: 2.308 avg val loss: 2.972 lr: 0.000326
[20/30,   501/938] avg train loss: 2.286 avg val loss: 2.968 lr: 0.000326
[20/30,   551/938] avg train loss: 2.327 avg val loss: 2.972 lr: 0.000326
[20/30,   601/938] avg train loss: 2.302 avg val loss: 2.966 lr: 0.000326
[20/30,   651/938] avg train loss: 2.349 avg val loss: 2.965 lr: 0.000326
[20/30,   701/938] avg train loss: 2.338 avg val loss: 2.973 lr: 0.000326
[20/30,   751/938] avg train loss: 2.378 avg val loss: 2.971 lr: 0.000326
[20/30,   801/938] avg train loss: 2.360 avg val loss: 2.971 lr: 0.000326
Saved checkpoint to saved_models/adam_pass_4/model.pt
[20/30,   851/938] avg train loss: 2.358 avg val loss: 2.963 lr: 0.000326
[20/30,   901/938] avg train loss: 2.351 avg val loss: 2.967 lr: 0.000326
[20/30,   938/938] avg train loss: 2.402 avg val loss: 2.968 lr: 0.000326
[21/30,     1/938] avg train loss: 2.323 avg val loss: 2.967 lr: 0.000280
[21/30,    51/938] avg train loss: 2.242 avg val loss: 2.964 lr: 0.000280
[21/30,   101/938] avg train loss: 2.243 avg val loss: 2.967 lr: 0.000280
[21/30,   151/938] avg train loss: 2.228 avg val loss: 2.965 lr: 0.000280
[21/30,   201/938] avg train loss: 2.205 avg val loss: 2.970 lr: 0.000280
[21/30,   251/938] avg train loss: 2.295 avg val loss: 2.973 lr: 0.000280
[21/30,   301/938] avg train loss: 2.255 avg val loss: 2.969 lr: 0.000280
[21/30,   351/938] avg train loss: 2.274 avg val loss: 2.969 lr: 0.000280
[21/30,   401/938] avg train loss: 2.262 avg val loss: 2.969 lr: 0.000280
[21/30,   451/938] avg train loss: 2.280 avg val loss: 2.969 lr: 0.000280
[21/30,   501/938] avg train loss: 2.269 avg val loss: 2.973 lr: 0.000280
[21/30,   551/938] avg train loss: 2.281 avg val loss: 2.975 lr: 0.000280
[21/30,   601/938] avg train loss: 2.311 avg val loss: 2.968 lr: 0.000280
[21/30,   651/938] avg train loss: 2.277 avg val loss: 2.970 lr: 0.000280
[21/30,   701/938] avg train loss: 2.300 avg val loss: 2.968 lr: 0.000280
[21/30,   751/938] avg train loss: 2.294 avg val loss: 2.968 lr: 0.000280
[21/30,   801/938] avg train loss: 2.325 avg val loss: 2.967 lr: 0.000280
[21/30,   851/938] avg train loss: 2.293 avg val loss: 2.967 lr: 0.000280
Saved checkpoint to saved_models/adam_pass_4/model.pt
[21/30,   901/938] avg train loss: 2.299 avg val loss: 2.961 lr: 0.000280
[21/30,   938/938] avg train loss: 2.335 avg val loss: 2.964 lr: 0.000280
[22/30,     1/938] avg train loss: 2.060 avg val loss: 2.963 lr: 0.000236
[22/30,    51/938] avg train loss: 2.180 avg val loss: 2.966 lr: 0.000236
[22/30,   101/938] avg train loss: 2.173 avg val loss: 2.967 lr: 0.000236
[22/30,   151/938] avg train loss: 2.202 avg val loss: 2.968 lr: 0.000236
[22/30,   201/938] avg train loss: 2.220 avg val loss: 2.969 lr: 0.000236
[22/30,   251/938] avg train loss: 2.219 avg val loss: 2.969 lr: 0.000236
[22/30,   301/938] avg train loss: 2.210 avg val loss: 2.967 lr: 0.000236
[22/30,   351/938] avg train loss: 2.245 avg val loss: 2.968 lr: 0.000236
[22/30,   401/938] avg train loss: 2.229 avg val loss: 2.966 lr: 0.000236
[22/30,   451/938] avg train loss: 2.278 avg val loss: 2.966 lr: 0.000236
[22/30,   501/938] avg train loss: 2.267 avg val loss: 2.968 lr: 0.000236
[22/30,   551/938] avg train loss: 2.255 avg val loss: 2.968 lr: 0.000236
[22/30,   601/938] avg train loss: 2.251 avg val loss: 2.967 lr: 0.000236
[22/30,   651/938] avg train loss: 2.246 avg val loss: 2.968 lr: 0.000236
[22/30,   701/938] avg train loss: 2.235 avg val loss: 2.967 lr: 0.000236
[22/30,   751/938] avg train loss: 2.270 avg val loss: 2.963 lr: 0.000236
[22/30,   801/938] avg train loss: 2.287 avg val loss: 2.967 lr: 0.000236
[22/30,   851/938] avg train loss: 2.294 avg val loss: 2.962 lr: 0.000236
Saved checkpoint to saved_models/adam_pass_4/model.pt
[22/30,   901/938] avg train loss: 2.319 avg val loss: 2.961 lr: 0.000236
[22/30,   938/938] avg train loss: 2.298 avg val loss: 2.962 lr: 0.000236
[23/30,     1/938] avg train loss: 1.817 avg val loss: 2.962 lr: 0.000194
Saved checkpoint to saved_models/adam_pass_4/model.pt
[23/30,    51/938] avg train loss: 2.204 avg val loss: 2.961 lr: 0.000194
[23/30,   101/938] avg train loss: 2.178 avg val loss: 2.965 lr: 0.000194
[23/30,   151/938] avg train loss: 2.190 avg val loss: 2.968 lr: 0.000194
[23/30,   201/938] avg train loss: 2.179 avg val loss: 2.966 lr: 0.000194
[23/30,   251/938] avg train loss: 2.195 avg val loss: 2.966 lr: 0.000194
[23/30,   301/938] avg train loss: 2.194 avg val loss: 2.967 lr: 0.000194
[23/30,   351/938] avg train loss: 2.184 avg val loss: 2.972 lr: 0.000194
[23/30,   401/938] avg train loss: 2.211 avg val loss: 2.966 lr: 0.000194
[23/30,   451/938] avg train loss: 2.190 avg val loss: 2.968 lr: 0.000194
[23/30,   501/938] avg train loss: 2.251 avg val loss: 2.968 lr: 0.000194
[23/30,   551/938] avg train loss: 2.219 avg val loss: 2.970 lr: 0.000194
[23/30,   601/938] avg train loss: 2.233 avg val loss: 2.969 lr: 0.000194
[23/30,   651/938] avg train loss: 2.197 avg val loss: 2.967 lr: 0.000194
[23/30,   701/938] avg train loss: 2.206 avg val loss: 2.967 lr: 0.000194
[23/30,   751/938] avg train loss: 2.239 avg val loss: 2.966 lr: 0.000194
[23/30,   801/938] avg train loss: 2.244 avg val loss: 2.966 lr: 0.000194
[23/30,   851/938] avg train loss: 2.238 avg val loss: 2.963 lr: 0.000194
[23/30,   901/938] avg train loss: 2.243 avg val loss: 2.965 lr: 0.000194
[23/30,   938/938] avg train loss: 2.283 avg val loss: 2.964 lr: 0.000194
[24/30,     1/938] avg train loss: 1.940 avg val loss: 2.963 lr: 0.000156
[24/30,    51/938] avg train loss: 2.127 avg val loss: 2.965 lr: 0.000156
[24/30,   101/938] avg train loss: 2.144 avg val loss: 2.968 lr: 0.000156
[24/30,   151/938] avg train loss: 2.134 avg val loss: 2.969 lr: 0.000156
[24/30,   201/938] avg train loss: 2.175 avg val loss: 2.967 lr: 0.000156
[24/30,   251/938] avg train loss: 2.166 avg val loss: 2.969 lr: 0.000156
[24/30,   301/938] avg train loss: 2.161 avg val loss: 2.966 lr: 0.000156
[24/30,   351/938] avg train loss: 2.173 avg val loss: 2.968 lr: 0.000156
[24/30,   401/938] avg train loss: 2.165 avg val loss: 2.966 lr: 0.000156
[24/30,   451/938] avg train loss: 2.167 avg val loss: 2.967 lr: 0.000156
[24/30,   501/938] avg train loss: 2.210 avg val loss: 2.968 lr: 0.000156
[24/30,   551/938] avg train loss: 2.208 avg val loss: 2.965 lr: 0.000156
[24/30,   601/938] avg train loss: 2.215 avg val loss: 2.968 lr: 0.000156
[24/30,   651/938] avg train loss: 2.199 avg val loss: 2.963 lr: 0.000156
[24/30,   701/938] avg train loss: 2.168 avg val loss: 2.967 lr: 0.000156
[24/30,   751/938] avg train loss: 2.212 avg val loss: 2.967 lr: 0.000156
[24/30,   801/938] avg train loss: 2.213 avg val loss: 2.965 lr: 0.000156
[24/30,   851/938] avg train loss: 2.200 avg val loss: 2.963 lr: 0.000156
[24/30,   901/938] avg train loss: 2.218 avg val loss: 2.968 lr: 0.000156
[24/30,   938/938] avg train loss: 2.208 avg val loss: 2.964 lr: 0.000156
[25/30,     1/938] avg train loss: 2.074 avg val loss: 2.964 lr: 0.000121
[25/30,    51/938] avg train loss: 2.135 avg val loss: 2.968 lr: 0.000121
[25/30,   101/938] avg train loss: 2.113 avg val loss: 2.965 lr: 0.000121
[25/30,   151/938] avg train loss: 2.115 avg val loss: 2.970 lr: 0.000121
[25/30,   201/938] avg train loss: 2.170 avg val loss: 2.966 lr: 0.000121
[25/30,   251/938] avg train loss: 2.137 avg val loss: 2.964 lr: 0.000121
[25/30,   301/938] avg train loss: 2.136 avg val loss: 2.969 lr: 0.000121
[25/30,   351/938] avg train loss: 2.159 avg val loss: 2.966 lr: 0.000121
[25/30,   401/938] avg train loss: 2.156 avg val loss: 2.968 lr: 0.000121
[25/30,   451/938] avg train loss: 2.182 avg val loss: 2.968 lr: 0.000121
[25/30,   501/938] avg train loss: 2.147 avg val loss: 2.968 lr: 0.000121
[25/30,   551/938] avg train loss: 2.132 avg val loss: 2.968 lr: 0.000121
[25/30,   601/938] avg train loss: 2.141 avg val loss: 2.968 lr: 0.000121
[25/30,   651/938] avg train loss: 2.149 avg val loss: 2.965 lr: 0.000121
[25/30,   701/938] avg train loss: 2.173 avg val loss: 2.967 lr: 0.000121
[25/30,   751/938] avg train loss: 2.204 avg val loss: 2.967 lr: 0.000121
[25/30,   801/938] avg train loss: 2.195 avg val loss: 2.965 lr: 0.000121
[25/30,   851/938] avg train loss: 2.164 avg val loss: 2.966 lr: 0.000121
[25/30,   901/938] avg train loss: 2.162 avg val loss: 2.965 lr: 0.000121
[25/30,   938/938] avg train loss: 2.196 avg val loss: 2.963 lr: 0.000121
[26/30,     1/938] avg train loss: 1.972 avg val loss: 2.963 lr: 0.000090
[26/30,    51/938] avg train loss: 2.113 avg val loss: 2.966 lr: 0.000090
[26/30,   101/938] avg train loss: 2.090 avg val loss: 2.966 lr: 0.000090
[26/30,   151/938] avg train loss: 2.093 avg val loss: 2.967 lr: 0.000090
[26/30,   201/938] avg train loss: 2.114 avg val loss: 2.967 lr: 0.000090
[26/30,   251/938] avg train loss: 2.080 avg val loss: 2.968 lr: 0.000090
[26/30,   301/938] avg train loss: 2.115 avg val loss: 2.968 lr: 0.000090
[26/30,   351/938] avg train loss: 2.144 avg val loss: 2.965 lr: 0.000090
[26/30,   401/938] avg train loss: 2.144 avg val loss: 2.967 lr: 0.000090
[26/30,   451/938] avg train loss: 2.127 avg val loss: 2.966 lr: 0.000090
[26/30,   501/938] avg train loss: 2.139 avg val loss: 2.968 lr: 0.000090
[26/30,   551/938] avg train loss: 2.147 avg val loss: 2.970 lr: 0.000090
[26/30,   601/938] avg train loss: 2.163 avg val loss: 2.967 lr: 0.000090
[26/30,   651/938] avg train loss: 2.149 avg val loss: 2.964 lr: 0.000090
[26/30,   701/938] avg train loss: 2.148 avg val loss: 2.967 lr: 0.000090
[26/30,   751/938] avg train loss: 2.142 avg val loss: 2.968 lr: 0.000090
[26/30,   801/938] avg train loss: 2.138 avg val loss: 2.969 lr: 0.000090
[26/30,   851/938] avg train loss: 2.142 avg val loss: 2.965 lr: 0.000090
[26/30,   901/938] avg train loss: 2.131 avg val loss: 2.967 lr: 0.000090
[26/30,   938/938] avg train loss: 2.188 avg val loss: 2.967 lr: 0.000090
[27/30,     1/938] avg train loss: 2.173 avg val loss: 2.967 lr: 0.000063
[27/30,    51/938] avg train loss: 2.072 avg val loss: 2.965 lr: 0.000063
[27/30,   101/938] avg train loss: 2.088 avg val loss: 2.966 lr: 0.000063
[27/30,   151/938] avg train loss: 2.115 avg val loss: 2.966 lr: 0.000063
[27/30,   201/938] avg train loss: 2.118 avg val loss: 2.967 lr: 0.000063
[27/30,   251/938] avg train loss: 2.075 avg val loss: 2.968 lr: 0.000063
[27/30,   301/938] avg train loss: 2.071 avg val loss: 2.968 lr: 0.000063
[27/30,   351/938] avg train loss: 2.121 avg val loss: 2.968 lr: 0.000063
[27/30,   401/938] avg train loss: 2.102 avg val loss: 2.968 lr: 0.000063
[27/30,   451/938] avg train loss: 2.114 avg val loss: 2.970 lr: 0.000063
[27/30,   501/938] avg train loss: 2.089 avg val loss: 2.969 lr: 0.000063
[27/30,   551/938] avg train loss: 2.105 avg val loss: 2.969 lr: 0.000063
[27/30,   601/938] avg train loss: 2.139 avg val loss: 2.968 lr: 0.000063
[27/30,   651/938] avg train loss: 2.099 avg val loss: 2.967 lr: 0.000063
[27/30,   701/938] avg train loss: 2.130 avg val loss: 2.969 lr: 0.000063
[27/30,   751/938] avg train loss: 2.129 avg val loss: 2.967 lr: 0.000063
[27/30,   801/938] avg train loss: 2.130 avg val loss: 2.971 lr: 0.000063
[27/30,   851/938] avg train loss: 2.130 avg val loss: 2.967 lr: 0.000063
[27/30,   901/938] avg train loss: 2.124 avg val loss: 2.966 lr: 0.000063
[27/30,   938/938] avg train loss: 2.128 avg val loss: 2.968 lr: 0.000063
[28/30,     1/938] avg train loss: 2.129 avg val loss: 2.967 lr: 0.000041
[28/30,    51/938] avg train loss: 2.071 avg val loss: 2.967 lr: 0.000041
[28/30,   101/938] avg train loss: 2.058 avg val loss: 2.967 lr: 0.000041
[28/30,   151/938] avg train loss: 2.049 avg val loss: 2.967 lr: 0.000041
[28/30,   201/938] avg train loss: 2.069 avg val loss: 2.967 lr: 0.000041
[28/30,   251/938] avg train loss: 2.076 avg val loss: 2.966 lr: 0.000041
[28/30,   301/938] avg train loss: 2.094 avg val loss: 2.969 lr: 0.000041
[28/30,   351/938] avg train loss: 2.068 avg val loss: 2.966 lr: 0.000041
[28/30,   401/938] avg train loss: 2.087 avg val loss: 2.966 lr: 0.000041
[28/30,   451/938] avg train loss: 2.098 avg val loss: 2.968 lr: 0.000041
[28/30,   501/938] avg train loss: 2.099 avg val loss: 2.968 lr: 0.000041
[28/30,   551/938] avg train loss: 2.100 avg val loss: 2.969 lr: 0.000041
[28/30,   601/938] avg train loss: 2.107 avg val loss: 2.968 lr: 0.000041
[28/30,   651/938] avg train loss: 2.082 avg val loss: 2.967 lr: 0.000041
[28/30,   701/938] avg train loss: 2.096 avg val loss: 2.968 lr: 0.000041
[28/30,   751/938] avg train loss: 2.093 avg val loss: 2.969 lr: 0.000041
[28/30,   801/938] avg train loss: 2.076 avg val loss: 2.969 lr: 0.000041
[28/30,   851/938] avg train loss: 2.094 avg val loss: 2.968 lr: 0.000041
[28/30,   901/938] avg train loss: 2.143 avg val loss: 2.969 lr: 0.000041
[28/30,   938/938] avg train loss: 2.107 avg val loss: 2.965 lr: 0.000041
[29/30,     1/938] avg train loss: 1.967 avg val loss: 2.966 lr: 0.000023
[29/30,    51/938] avg train loss: 2.065 avg val loss: 2.968 lr: 0.000023
[29/30,   101/938] avg train loss: 2.037 avg val loss: 2.968 lr: 0.000023
[29/30,   151/938] avg train loss: 2.083 avg val loss: 2.968 lr: 0.000023
[29/30,   201/938] avg train loss: 2.084 avg val loss: 2.968 lr: 0.000023
[29/30,   251/938] avg train loss: 2.042 avg val loss: 2.969 lr: 0.000023
[29/30,   301/938] avg train loss: 2.034 avg val loss: 2.969 lr: 0.000023
[29/30,   351/938] avg train loss: 2.054 avg val loss: 2.967 lr: 0.000023
[29/30,   401/938] avg train loss: 2.055 avg val loss: 2.967 lr: 0.000023
[29/30,   451/938] avg train loss: 2.082 avg val loss: 2.967 lr: 0.000023
[29/30,   501/938] avg train loss: 2.076 avg val loss: 2.969 lr: 0.000023
[29/30,   551/938] avg train loss: 2.090 avg val loss: 2.969 lr: 0.000023
[29/30,   601/938] avg train loss: 2.084 avg val loss: 2.970 lr: 0.000023
[29/30,   651/938] avg train loss: 2.091 avg val loss: 2.969 lr: 0.000023
[29/30,   701/938] avg train loss: 2.047 avg val loss: 2.968 lr: 0.000023
[29/30,   751/938] avg train loss: 2.087 avg val loss: 2.967 lr: 0.000023
[29/30,   801/938] avg train loss: 2.090 avg val loss: 2.968 lr: 0.000023
[29/30,   851/938] avg train loss: 2.067 avg val loss: 2.968 lr: 0.000023
[29/30,   901/938] avg train loss: 2.074 avg val loss: 2.967 lr: 0.000023
[29/30,   938/938] avg train loss: 2.092 avg val loss: 2.969 lr: 0.000023
[30/30,     1/938] avg train loss: 2.401 avg val loss: 2.968 lr: 0.000010
[30/30,    51/938] avg train loss: 2.070 avg val loss: 2.968 lr: 0.000010
[30/30,   101/938] avg train loss: 2.072 avg val loss: 2.968 lr: 0.000010
[30/30,   151/938] avg train loss: 2.031 avg val loss: 2.968 lr: 0.000010
[30/30,   201/938] avg train loss: 2.049 avg val loss: 2.969 lr: 0.000010
[30/30,   251/938] avg train loss: 2.030 avg val loss: 2.969 lr: 0.000010
[30/30,   301/938] avg train loss: 2.054 avg val loss: 2.969 lr: 0.000010
[30/30,   351/938] avg train loss: 2.085 avg val loss: 2.969 lr: 0.000010
[30/30,   401/938] avg train loss: 2.064 avg val loss: 2.969 lr: 0.000010
[30/30,   451/938] avg train loss: 2.050 avg val loss: 2.970 lr: 0.000010
[30/30,   501/938] avg train loss: 2.054 avg val loss: 2.969 lr: 0.000010
[30/30,   551/938] avg train loss: 2.046 avg val loss: 2.968 lr: 0.000010
[30/30,   601/938] avg train loss: 2.060 avg val loss: 2.968 lr: 0.000010
[30/30,   651/938] avg train loss: 2.078 avg val loss: 2.968 lr: 0.000010
[30/30,   701/938] avg train loss: 2.036 avg val loss: 2.968 lr: 0.000010
[30/30,   751/938] avg train loss: 2.048 avg val loss: 2.967 lr: 0.000010
[30/30,   801/938] avg train loss: 2.061 avg val loss: 2.969 lr: 0.000010
[30/30,   851/938] avg train loss: 2.053 avg val loss: 2.968 lr: 0.000010
[30/30,   901/938] avg train loss: 2.105 avg val loss: 2.968 lr: 0.000010
[30/30,   938/938] avg train loss: 2.068 avg val loss: 2.969 lr: 0.000010
[31/30,     1/938] avg train loss: 2.206 avg val loss: 2.969 lr: 0.000003
[31/30,    51/938] avg train loss: 2.059 avg val loss: 2.969 lr: 0.000003
[31/30,   101/938] avg train loss: 2.034 avg val loss: 2.969 lr: 0.000003
[31/30,   151/938] avg train loss: 2.031 avg val loss: 2.969 lr: 0.000003
[31/30,   201/938] avg train loss: 2.060 avg val loss: 2.969 lr: 0.000003
[31/30,   251/938] avg train loss: 2.071 avg val loss: 2.969 lr: 0.000003
[31/30,   301/938] avg train loss: 2.048 avg val loss: 2.970 lr: 0.000003
[31/30,   351/938] avg train loss: 2.043 avg val loss: 2.967 lr: 0.000003
[31/30,   401/938] avg train loss: 2.058 avg val loss: 2.969 lr: 0.000003
[31/30,   451/938] avg train loss: 2.044 avg val loss: 2.967 lr: 0.000003
[31/30,   501/938] avg train loss: 2.028 avg val loss: 2.968 lr: 0.000003
[31/30,   551/938] avg train loss: 2.033 avg val loss: 2.967 lr: 0.000003
[31/30,   601/938] avg train loss: 2.037 avg val loss: 2.969 lr: 0.000003
[31/30,   651/938] avg train loss: 2.067 avg val loss: 2.968 lr: 0.000003
[31/30,   701/938] avg train loss: 2.042 avg val loss: 2.969 lr: 0.000003
[31/30,   751/938] avg train loss: 2.052 avg val loss: 2.968 lr: 0.000003
[31/30,   801/938] avg train loss: 2.061 avg val loss: 2.967 lr: 0.000003
[31/30,   851/938] avg train loss: 2.082 avg val loss: 2.969 lr: 0.000003
[31/30,   901/938] avg train loss: 2.083 avg val loss: 2.972 lr: 0.000003
[31/30,   938/938] avg train loss: 2.013 avg val loss: 2.969 lr: 0.000003
